I1218 21:23:12.042625  4382 caffe.cpp:217] Using GPUs 0
I1218 21:23:12.049881  4382 caffe.cpp:222] GPU 0: GeForce GTX 1080 Ti
I1218 21:23:12.300642  4382 solver.cpp:48] Initializing solver from parameters: 
test_iter: 35
test_interval: 500
base_lr: 0.0001
display: 100
max_iter: 10000
lr_policy: "step"
gamma: 0.1
momentum: 0.9
weight_decay: 0.005
stepsize: 5000
snapshot: 1000
snapshot_prefix: "models/apple_disease/resnet50_train"
solver_mode: GPU
device_id: 0
net: "models/apple_disease/train_val_vgg16_reid.prototxt"
train_state {
  level: 0
  stage: ""
}
average_loss: 11
I1218 21:23:12.300810  4382 solver.cpp:91] Creating training net from net file: models/apple_disease/train_val_vgg16_reid.prototxt
I1218 21:23:12.301764  4382 net.cpp:322] The NetState phase (0) differed from the phase (1) specified by a rule in layer data
I1218 21:23:12.301810  4382 net.cpp:322] The NetState phase (0) differed from the phase (1) specified by a rule in layer accuracy
I1218 21:23:12.302067  4382 net.cpp:58] Initializing net from parameters: 
state {
  phase: TRAIN
  level: 0
  stage: ""
}
layer {
  name: "data"
  type: "ReidData"
  top: "data"
  top: "label"
  include {
    phase: TRAIN
  }
  transform_param {
    mirror: true
    crop_size: 224
    mean_value: 102.691
    mean_value: 128.77
    mean_value: 131.293
  }
  reid_data_param {
    source: "data/apple_disease/train.txt"
    batch_size: 2
    new_height: 256
    new_width: 256
    pos_fraction: 1
    neg_fraction: 1
    pos_limit: 1
    neg_limit: 8
    pos_factor: 1
    neg_factor: 1.01
    root_folder: "/media/agwang/\346\226\260\345\212\240\345\215\267/DataSets/Competitions/AppleDiseases/"
  }
}
layer {
  name: "conv1_1"
  type: "Convolution"
  bottom: "data"
  top: "conv1_1"
  param {
    lr_mult: 0
  }
  param {
    lr_mult: 0
  }
  convolution_param {
    num_output: 64
    pad: 1
    kernel_size: 3
    weight_filler {
      type: "xavier"
    }
  }
}
layer {
  name: "relu1_1"
  type: "ReLU"
  bottom: "conv1_1"
  top: "conv1_1"
}
layer {
  name: "conv1_2"
  type: "Convolution"
  bottom: "conv1_1"
  top: "conv1_2"
  param {
    lr_mult: 0
  }
  param {
    lr_mult: 0
  }
  convolution_param {
    num_output: 64
    pad: 1
    kernel_size: 3
    weight_filler {
      type: "xavier"
    }
  }
}
layer {
  name: "relu1_2"
  type: "ReLU"
  bottom: "conv1_2"
  top: "conv1_2"
}
layer {
  name: "pool1"
  type: "Pooling"
  bottom: "conv1_2"
  top: "pool1"
  pooling_param {
    pool: MAX
    kernel_size: 2
    stride: 2
  }
}
layer {
  name: "conv2_1"
  type: "Convolution"
  bottom: "pool1"
  top: "conv2_1"
  param {
    lr_mult: 0
  }
  param {
    lr_mult: 0
  }
  convolution_param {
    num_output: 128
    pad: 1
    kernel_size: 3
    weight_filler {
      type: "xavier"
    }
  }
}
layer {
  name: "relu2_1"
  type: "ReLU"
  bottom: "conv2_1"
  top: "conv2_1"
}
layer {
  name: "conv2_2"
  type: "Convolution"
  bottom: "conv2_1"
  top: "conv2_2"
  param {
    lr_mult: 0
  }
  param {
    lr_mult: 0
  }
  convolution_param {
    num_output: 128
    pad: 1
    kernel_size: 3
    weight_filler {
      type: "xavier"
    }
  }
}
layer {
  name: "relu2_2"
  type: "ReLU"
  bottom: "conv2_2"
  top: "conv2_2"
}
layer {
  name: "pool2"
  type: "Pooling"
  bottom: "conv2_2"
  top: "pool2"
  pooling_param {
    pool: MAX
    kernel_size: 2
    stride: 2
  }
}
layer {
  name: "conv3_1"
  type: "Convolution"
  bottom: "pool2"
  top: "conv3_1"
  convolution_param {
    num_output: 256
    pad: 1
    kernel_size: 3
    weight_filler {
      type: "xavier"
    }
  }
}
layer {
  name: "relu3_1"
  type: "ReLU"
  bottom: "conv3_1"
  top: "conv3_1"
}
layer {
  name: "conv3_2"
  type: "Convolution"
  bottom: "conv3_1"
  top: "conv3_2"
  convolution_param {
    num_output: 256
    pad: 1
    kernel_size: 3
    weight_filler {
      type: "xavier"
    }
  }
}
layer {
  name: "relu3_2"
  type: "ReLU"
  bottom: "conv3_2"
  top: "conv3_2"
}
layer {
  name: "conv3_3"
  type: "Convolution"
  bottom: "conv3_2"
  top: "conv3_3"
  convolution_param {
    num_output: 256
    pad: 1
    kernel_size: 3
    weight_filler {
      type: "xavier"
    }
  }
}
layer {
  name: "relu3_3"
  type: "ReLU"
  bottom: "conv3_3"
  top: "conv3_3"
}
layer {
  name: "pool3"
  type: "Pooling"
  bottom: "conv3_3"
  top: "pool3"
  pooling_param {
    pool: MAX
    kernel_size: 2
    stride: 2
  }
}
layer {
  name: "conv4_1"
  type: "Convolution"
  bottom: "pool3"
  top: "conv4_1"
  convolution_param {
    num_output: 512
    pad: 1
    kernel_size: 3
    weight_filler {
      type: "xavier"
    }
  }
}
layer {
  name: "relu4_1"
  type: "ReLU"
  bottom: "conv4_1"
  top: "conv4_1"
}
layer {
  name: "conv4_2"
  type: "Convolution"
  bottom: "conv4_1"
  top: "conv4_2"
  convolution_param {
    num_output: 512
    pad: 1
    kernel_size: 3
    weight_filler {
      type: "xavier"
    }
  }
}
layer {
  name: "relu4_2"
  type: "ReLU"
  bottom: "conv4_2"
  top: "conv4_2"
}
layer {
  name: "conv4_3"
  type: "Convolution"
  bottom: "conv4_2"
  top: "conv4_3"
  convolution_param {
    num_output: 512
    pad: 1
    kernel_size: 3
    weight_filler {
      type: "xavier"
    }
  }
}
layer {
  name: "relu4_3"
  type: "ReLU"
  bottom: "conv4_3"
  top: "conv4_3"
}
layer {
  name: "pool4"
  type: "Pooling"
  bottom: "conv4_3"
  top: "pool4"
  pooling_param {
    pool: MAX
    kernel_size: 2
    stride: 2
  }
}
layer {
  name: "conv5_1"
  type: "Convolution"
  bottom: "pool4"
  top: "conv5_1"
  convolution_param {
    num_output: 512
    pad: 1
    kernel_size: 3
    weight_filler {
      type: "xavier"
    }
  }
}
layer {
  name: "relu5_1"
  type: "ReLU"
  bottom: "conv5_1"
  top: "conv5_1"
}
layer {
  name: "conv5_2"
  type: "Convolution"
  bottom: "conv5_1"
  top: "conv5_2"
  convolution_param {
    num_output: 512
    pad: 1
    kernel_size: 3
    weight_filler {
      type: "xavier"
    }
  }
}
layer {
  name: "relu5_2"
  type: "ReLU"
  bottom: "conv5_2"
  top: "conv5_2"
}
layer {
  name: "conv5_3"
  type: "Convolution"
  bottom: "conv5_2"
  top: "conv5_3"
  convolution_param {
    num_output: 512
    pad: 1
    kernel_size: 3
    weight_filler {
      type: "xavier"
    }
  }
}
layer {
  name: "relu5_3"
  type: "ReLU"
  bottom: "conv5_3"
  top: "conv5_3"
}
layer {
  name: "pool5"
  type: "Pooling"
  bottom: "conv5_3"
  top: "pool5"
  pooling_param {
    pool: MAX
    kernel_size: 2
    stride: 2
  }
}
layer {
  name: "fc6"
  type: "InnerProduct"
  bottom: "pool5"
  top: "fc6"
  inner_product_param {
    num_output: 4096
    weight_filler {
      type: "gaussian"
      std: 0.01
    }
  }
}
layer {
  name: "relu6"
  type: "ReLU"
  bottom: "fc6"
  top: "fc6"
}
layer {
  name: "drop6"
  type: "Dropout"
  bottom: "fc6"
  top: "fc6"
  dropout_param {
    dropout_ratio: 0.6
  }
}
layer {
  name: "fc7"
  type: "InnerProduct"
  bottom: "fc6"
  top: "fc7"
  inner_product_param {
    num_output: 4096
    weight_filler {
      type: "gaussian"
      std: 0.01
    }
  }
}
layer {
  name: "relu7"
  type: "ReLU"
  bottom: "fc7"
  top: "fc7"
}
layer {
  name: "drop7"
  type: "Dropout"
  bottom: "fc7"
  top: "fc7"
  dropout_param {
    dropout_ratio: 0.6
  }
}
layer {
  name: "fc8-1"
  type: "InnerProduct"
  bottom: "fc7"
  top: "fc8-1"
  inner_product_param {
    num_output: 9
    weight_filler {
      type: "gaussian"
      std: 0.01
    }
  }
}
layer {
  name: "euclidean"
  type: "PairEuclidean"
  bottom: "fc7"
  bottom: "label"
  top: "euclidean"
  top: "label_dif"
}
layer {
  name: "fc8-1_dif"
  type: "InnerProduct"
  bottom: "euclidean"
  top: "fc8-1_dif"
  inner_product_param {
    num_output: 2
    weight_filler {
      type: "gaussian"
      std: 0.01
    }
  }
}
layer {
  name: "loss"
  type: "SoftmaxWithLoss"
  bottom: "fc8-1"
  bottom: "label"
  top: "loss"
  loss_weight: 0.5
  propagate_down: true
  propagate_down: false
}
layer {
  name: "loss_dif"
  type: "SoftmaxWithLoss"
  bottom: "fc8-1_dif"
  bottom: "label_dif"
  top: "loss_dif"
  loss_weight: 0.2
  propagate_down: true
  propagate_down: false
}
I1218 21:23:12.302292  4382 layer_factory.hpp:77] Creating layer data
I1218 21:23:12.302326  4382 net.cpp:100] Creating Layer data
I1218 21:23:12.302333  4382 net.cpp:408] data -> data
I1218 21:23:12.302353  4382 net.cpp:408] data -> label
I1218 21:23:12.302659  4382 reid_data_layer.cpp:42] Opening file data/apple_disease/train.txt
I1218 21:23:12.303187  4382 reid_data_layer.cpp:68] A total of 2212 images. Label : [0, 8]
I1218 21:23:12.303196  4382 reid_data_layer.cpp:69] A total of 9 persons
I1218 21:23:37.694948  4382 reid_data_layer.cpp:104] output data size: 4,3,224,224
I1218 21:23:37.695029  4382 reid_data_layer.cpp:119] output label size : 4 (4)
I1218 21:23:37.721204  4382 net.cpp:150] Setting up data
I1218 21:23:37.721230  4382 net.cpp:157] Top shape: 4 3 224 224 (602112)
I1218 21:23:37.721235  4382 net.cpp:157] Top shape: 4 (4)
I1218 21:23:37.721237  4382 net.cpp:165] Memory required for data: 2408464
I1218 21:23:37.721243  4382 layer_factory.hpp:77] Creating layer label_data_1_split
I1218 21:23:37.721256  4382 net.cpp:100] Creating Layer label_data_1_split
I1218 21:23:37.721261  4382 net.cpp:434] label_data_1_split <- label
I1218 21:23:37.721271  4382 net.cpp:408] label_data_1_split -> label_data_1_split_0
I1218 21:23:37.721278  4382 net.cpp:408] label_data_1_split -> label_data_1_split_1
I1218 21:23:37.721318  4382 net.cpp:150] Setting up label_data_1_split
I1218 21:23:37.721323  4382 net.cpp:157] Top shape: 4 (4)
I1218 21:23:37.721325  4382 net.cpp:157] Top shape: 4 (4)
I1218 21:23:37.721328  4382 net.cpp:165] Memory required for data: 2408496
I1218 21:23:37.721330  4382 layer_factory.hpp:77] Creating layer conv1_1
I1218 21:23:37.721343  4382 net.cpp:100] Creating Layer conv1_1
I1218 21:23:37.721345  4382 net.cpp:434] conv1_1 <- data
I1218 21:23:37.721349  4382 net.cpp:408] conv1_1 -> conv1_1
I1218 21:23:37.868018  4382 net.cpp:150] Setting up conv1_1
I1218 21:23:37.868055  4382 net.cpp:157] Top shape: 4 64 224 224 (12845056)
I1218 21:23:37.868058  4382 net.cpp:165] Memory required for data: 53788720
I1218 21:23:37.868072  4382 layer_factory.hpp:77] Creating layer relu1_1
I1218 21:23:37.868079  4382 net.cpp:100] Creating Layer relu1_1
I1218 21:23:37.868083  4382 net.cpp:434] relu1_1 <- conv1_1
I1218 21:23:37.868088  4382 net.cpp:395] relu1_1 -> conv1_1 (in-place)
I1218 21:23:37.868225  4382 net.cpp:150] Setting up relu1_1
I1218 21:23:37.868233  4382 net.cpp:157] Top shape: 4 64 224 224 (12845056)
I1218 21:23:37.868247  4382 net.cpp:165] Memory required for data: 105168944
I1218 21:23:37.868249  4382 layer_factory.hpp:77] Creating layer conv1_2
I1218 21:23:37.868259  4382 net.cpp:100] Creating Layer conv1_2
I1218 21:23:37.868261  4382 net.cpp:434] conv1_2 <- conv1_1
I1218 21:23:37.868266  4382 net.cpp:408] conv1_2 -> conv1_2
I1218 21:23:37.869208  4382 net.cpp:150] Setting up conv1_2
I1218 21:23:37.869220  4382 net.cpp:157] Top shape: 4 64 224 224 (12845056)
I1218 21:23:37.869233  4382 net.cpp:165] Memory required for data: 156549168
I1218 21:23:37.869240  4382 layer_factory.hpp:77] Creating layer relu1_2
I1218 21:23:37.869246  4382 net.cpp:100] Creating Layer relu1_2
I1218 21:23:37.869247  4382 net.cpp:434] relu1_2 <- conv1_2
I1218 21:23:37.869251  4382 net.cpp:395] relu1_2 -> conv1_2 (in-place)
I1218 21:23:37.869367  4382 net.cpp:150] Setting up relu1_2
I1218 21:23:37.869376  4382 net.cpp:157] Top shape: 4 64 224 224 (12845056)
I1218 21:23:37.869379  4382 net.cpp:165] Memory required for data: 207929392
I1218 21:23:37.869381  4382 layer_factory.hpp:77] Creating layer pool1
I1218 21:23:37.869387  4382 net.cpp:100] Creating Layer pool1
I1218 21:23:37.869390  4382 net.cpp:434] pool1 <- conv1_2
I1218 21:23:37.869395  4382 net.cpp:408] pool1 -> pool1
I1218 21:23:37.869545  4382 net.cpp:150] Setting up pool1
I1218 21:23:37.869554  4382 net.cpp:157] Top shape: 4 64 112 112 (3211264)
I1218 21:23:37.869566  4382 net.cpp:165] Memory required for data: 220774448
I1218 21:23:37.869570  4382 layer_factory.hpp:77] Creating layer conv2_1
I1218 21:23:37.869575  4382 net.cpp:100] Creating Layer conv2_1
I1218 21:23:37.869578  4382 net.cpp:434] conv2_1 <- pool1
I1218 21:23:37.869582  4382 net.cpp:408] conv2_1 -> conv2_1
I1218 21:23:37.871495  4382 net.cpp:150] Setting up conv2_1
I1218 21:23:37.871522  4382 net.cpp:157] Top shape: 4 128 112 112 (6422528)
I1218 21:23:37.871541  4382 net.cpp:165] Memory required for data: 246464560
I1218 21:23:37.871551  4382 layer_factory.hpp:77] Creating layer relu2_1
I1218 21:23:37.871559  4382 net.cpp:100] Creating Layer relu2_1
I1218 21:23:37.871572  4382 net.cpp:434] relu2_1 <- conv2_1
I1218 21:23:37.871577  4382 net.cpp:395] relu2_1 -> conv2_1 (in-place)
I1218 21:23:37.871968  4382 net.cpp:150] Setting up relu2_1
I1218 21:23:37.871978  4382 net.cpp:157] Top shape: 4 128 112 112 (6422528)
I1218 21:23:37.871990  4382 net.cpp:165] Memory required for data: 272154672
I1218 21:23:37.871994  4382 layer_factory.hpp:77] Creating layer conv2_2
I1218 21:23:37.872002  4382 net.cpp:100] Creating Layer conv2_2
I1218 21:23:37.872009  4382 net.cpp:434] conv2_2 <- conv2_1
I1218 21:23:37.872014  4382 net.cpp:408] conv2_2 -> conv2_2
I1218 21:23:37.873488  4382 net.cpp:150] Setting up conv2_2
I1218 21:23:37.873512  4382 net.cpp:157] Top shape: 4 128 112 112 (6422528)
I1218 21:23:37.873517  4382 net.cpp:165] Memory required for data: 297844784
I1218 21:23:37.873522  4382 layer_factory.hpp:77] Creating layer relu2_2
I1218 21:23:37.873528  4382 net.cpp:100] Creating Layer relu2_2
I1218 21:23:37.873531  4382 net.cpp:434] relu2_2 <- conv2_2
I1218 21:23:37.873535  4382 net.cpp:395] relu2_2 -> conv2_2 (in-place)
I1218 21:23:37.873941  4382 net.cpp:150] Setting up relu2_2
I1218 21:23:37.873951  4382 net.cpp:157] Top shape: 4 128 112 112 (6422528)
I1218 21:23:37.873965  4382 net.cpp:165] Memory required for data: 323534896
I1218 21:23:37.873967  4382 layer_factory.hpp:77] Creating layer pool2
I1218 21:23:37.873975  4382 net.cpp:100] Creating Layer pool2
I1218 21:23:37.873977  4382 net.cpp:434] pool2 <- conv2_2
I1218 21:23:37.873981  4382 net.cpp:408] pool2 -> pool2
I1218 21:23:37.874120  4382 net.cpp:150] Setting up pool2
I1218 21:23:37.874128  4382 net.cpp:157] Top shape: 4 128 56 56 (1605632)
I1218 21:23:37.874141  4382 net.cpp:165] Memory required for data: 329957424
I1218 21:23:37.874143  4382 layer_factory.hpp:77] Creating layer conv3_1
I1218 21:23:37.874150  4382 net.cpp:100] Creating Layer conv3_1
I1218 21:23:37.874153  4382 net.cpp:434] conv3_1 <- pool2
I1218 21:23:37.874157  4382 net.cpp:408] conv3_1 -> conv3_1
I1218 21:23:37.877008  4382 net.cpp:150] Setting up conv3_1
I1218 21:23:37.877038  4382 net.cpp:157] Top shape: 4 256 56 56 (3211264)
I1218 21:23:37.877040  4382 net.cpp:165] Memory required for data: 342802480
I1218 21:23:37.877051  4382 layer_factory.hpp:77] Creating layer relu3_1
I1218 21:23:37.877058  4382 net.cpp:100] Creating Layer relu3_1
I1218 21:23:37.877061  4382 net.cpp:434] relu3_1 <- conv3_1
I1218 21:23:37.877066  4382 net.cpp:395] relu3_1 -> conv3_1 (in-place)
I1218 21:23:37.877192  4382 net.cpp:150] Setting up relu3_1
I1218 21:23:37.877198  4382 net.cpp:157] Top shape: 4 256 56 56 (3211264)
I1218 21:23:37.877203  4382 net.cpp:165] Memory required for data: 355647536
I1218 21:23:37.877207  4382 layer_factory.hpp:77] Creating layer conv3_2
I1218 21:23:37.877214  4382 net.cpp:100] Creating Layer conv3_2
I1218 21:23:37.877218  4382 net.cpp:434] conv3_2 <- conv3_1
I1218 21:23:37.877223  4382 net.cpp:408] conv3_2 -> conv3_2
I1218 21:23:37.881593  4382 net.cpp:150] Setting up conv3_2
I1218 21:23:37.881614  4382 net.cpp:157] Top shape: 4 256 56 56 (3211264)
I1218 21:23:37.881618  4382 net.cpp:165] Memory required for data: 368492592
I1218 21:23:37.881624  4382 layer_factory.hpp:77] Creating layer relu3_2
I1218 21:23:37.881633  4382 net.cpp:100] Creating Layer relu3_2
I1218 21:23:37.881636  4382 net.cpp:434] relu3_2 <- conv3_2
I1218 21:23:37.881649  4382 net.cpp:395] relu3_2 -> conv3_2 (in-place)
I1218 21:23:37.881778  4382 net.cpp:150] Setting up relu3_2
I1218 21:23:37.881789  4382 net.cpp:157] Top shape: 4 256 56 56 (3211264)
I1218 21:23:37.881793  4382 net.cpp:165] Memory required for data: 381337648
I1218 21:23:37.881798  4382 layer_factory.hpp:77] Creating layer conv3_3
I1218 21:23:37.881814  4382 net.cpp:100] Creating Layer conv3_3
I1218 21:23:37.881819  4382 net.cpp:434] conv3_3 <- conv3_2
I1218 21:23:37.881825  4382 net.cpp:408] conv3_3 -> conv3_3
I1218 21:23:37.886247  4382 net.cpp:150] Setting up conv3_3
I1218 21:23:37.886270  4382 net.cpp:157] Top shape: 4 256 56 56 (3211264)
I1218 21:23:37.886274  4382 net.cpp:165] Memory required for data: 394182704
I1218 21:23:37.886283  4382 layer_factory.hpp:77] Creating layer relu3_3
I1218 21:23:37.886303  4382 net.cpp:100] Creating Layer relu3_3
I1218 21:23:37.886312  4382 net.cpp:434] relu3_3 <- conv3_3
I1218 21:23:37.886322  4382 net.cpp:395] relu3_3 -> conv3_3 (in-place)
I1218 21:23:37.886453  4382 net.cpp:150] Setting up relu3_3
I1218 21:23:37.886463  4382 net.cpp:157] Top shape: 4 256 56 56 (3211264)
I1218 21:23:37.886467  4382 net.cpp:165] Memory required for data: 407027760
I1218 21:23:37.886482  4382 layer_factory.hpp:77] Creating layer pool3
I1218 21:23:37.886492  4382 net.cpp:100] Creating Layer pool3
I1218 21:23:37.886497  4382 net.cpp:434] pool3 <- conv3_3
I1218 21:23:37.886505  4382 net.cpp:408] pool3 -> pool3
I1218 21:23:37.886914  4382 net.cpp:150] Setting up pool3
I1218 21:23:37.886926  4382 net.cpp:157] Top shape: 4 256 28 28 (802816)
I1218 21:23:37.886931  4382 net.cpp:165] Memory required for data: 410239024
I1218 21:23:37.886945  4382 layer_factory.hpp:77] Creating layer conv4_1
I1218 21:23:37.886957  4382 net.cpp:100] Creating Layer conv4_1
I1218 21:23:37.886962  4382 net.cpp:434] conv4_1 <- pool3
I1218 21:23:37.886970  4382 net.cpp:408] conv4_1 -> conv4_1
I1218 21:23:37.894920  4382 net.cpp:150] Setting up conv4_1
I1218 21:23:37.894945  4382 net.cpp:157] Top shape: 4 512 28 28 (1605632)
I1218 21:23:37.894949  4382 net.cpp:165] Memory required for data: 416661552
I1218 21:23:37.894969  4382 layer_factory.hpp:77] Creating layer relu4_1
I1218 21:23:37.894979  4382 net.cpp:100] Creating Layer relu4_1
I1218 21:23:37.894989  4382 net.cpp:434] relu4_1 <- conv4_1
I1218 21:23:37.894997  4382 net.cpp:395] relu4_1 -> conv4_1 (in-place)
I1218 21:23:37.895125  4382 net.cpp:150] Setting up relu4_1
I1218 21:23:37.895135  4382 net.cpp:157] Top shape: 4 512 28 28 (1605632)
I1218 21:23:37.895139  4382 net.cpp:165] Memory required for data: 423084080
I1218 21:23:37.895146  4382 layer_factory.hpp:77] Creating layer conv4_2
I1218 21:23:37.895159  4382 net.cpp:100] Creating Layer conv4_2
I1218 21:23:37.895165  4382 net.cpp:434] conv4_2 <- conv4_1
I1218 21:23:37.895172  4382 net.cpp:408] conv4_2 -> conv4_2
I1218 21:23:37.909337  4382 net.cpp:150] Setting up conv4_2
I1218 21:23:37.909363  4382 net.cpp:157] Top shape: 4 512 28 28 (1605632)
I1218 21:23:37.909368  4382 net.cpp:165] Memory required for data: 429506608
I1218 21:23:37.909395  4382 layer_factory.hpp:77] Creating layer relu4_2
I1218 21:23:37.909415  4382 net.cpp:100] Creating Layer relu4_2
I1218 21:23:37.909422  4382 net.cpp:434] relu4_2 <- conv4_2
I1218 21:23:37.909432  4382 net.cpp:395] relu4_2 -> conv4_2 (in-place)
I1218 21:23:37.909580  4382 net.cpp:150] Setting up relu4_2
I1218 21:23:37.909591  4382 net.cpp:157] Top shape: 4 512 28 28 (1605632)
I1218 21:23:37.909596  4382 net.cpp:165] Memory required for data: 435929136
I1218 21:23:37.909612  4382 layer_factory.hpp:77] Creating layer conv4_3
I1218 21:23:37.909626  4382 net.cpp:100] Creating Layer conv4_3
I1218 21:23:37.909631  4382 net.cpp:434] conv4_3 <- conv4_2
I1218 21:23:37.909641  4382 net.cpp:408] conv4_3 -> conv4_3
I1218 21:23:37.923885  4382 net.cpp:150] Setting up conv4_3
I1218 21:23:37.923955  4382 net.cpp:157] Top shape: 4 512 28 28 (1605632)
I1218 21:23:37.923969  4382 net.cpp:165] Memory required for data: 442351664
I1218 21:23:37.923995  4382 layer_factory.hpp:77] Creating layer relu4_3
I1218 21:23:37.924015  4382 net.cpp:100] Creating Layer relu4_3
I1218 21:23:37.924031  4382 net.cpp:434] relu4_3 <- conv4_3
I1218 21:23:37.924043  4382 net.cpp:395] relu4_3 -> conv4_3 (in-place)
I1218 21:23:37.924249  4382 net.cpp:150] Setting up relu4_3
I1218 21:23:37.924264  4382 net.cpp:157] Top shape: 4 512 28 28 (1605632)
I1218 21:23:37.924271  4382 net.cpp:165] Memory required for data: 448774192
I1218 21:23:37.924278  4382 layer_factory.hpp:77] Creating layer pool4
I1218 21:23:37.924305  4382 net.cpp:100] Creating Layer pool4
I1218 21:23:37.924332  4382 net.cpp:434] pool4 <- conv4_3
I1218 21:23:37.924343  4382 net.cpp:408] pool4 -> pool4
I1218 21:23:37.924548  4382 net.cpp:150] Setting up pool4
I1218 21:23:37.924561  4382 net.cpp:157] Top shape: 4 512 14 14 (401408)
I1218 21:23:37.924567  4382 net.cpp:165] Memory required for data: 450379824
I1218 21:23:37.924576  4382 layer_factory.hpp:77] Creating layer conv5_1
I1218 21:23:37.924597  4382 net.cpp:100] Creating Layer conv5_1
I1218 21:23:37.924604  4382 net.cpp:434] conv5_1 <- pool4
I1218 21:23:37.924616  4382 net.cpp:408] conv5_1 -> conv5_1
I1218 21:23:37.940268  4382 net.cpp:150] Setting up conv5_1
I1218 21:23:37.940292  4382 net.cpp:157] Top shape: 4 512 14 14 (401408)
I1218 21:23:37.940297  4382 net.cpp:165] Memory required for data: 451985456
I1218 21:23:37.940318  4382 layer_factory.hpp:77] Creating layer relu5_1
I1218 21:23:37.940332  4382 net.cpp:100] Creating Layer relu5_1
I1218 21:23:37.940340  4382 net.cpp:434] relu5_1 <- conv5_1
I1218 21:23:37.940348  4382 net.cpp:395] relu5_1 -> conv5_1 (in-place)
I1218 21:23:37.940811  4382 net.cpp:150] Setting up relu5_1
I1218 21:23:37.940824  4382 net.cpp:157] Top shape: 4 512 14 14 (401408)
I1218 21:23:37.940829  4382 net.cpp:165] Memory required for data: 453591088
I1218 21:23:37.940845  4382 layer_factory.hpp:77] Creating layer conv5_2
I1218 21:23:37.940858  4382 net.cpp:100] Creating Layer conv5_2
I1218 21:23:37.940865  4382 net.cpp:434] conv5_2 <- conv5_1
I1218 21:23:37.940871  4382 net.cpp:408] conv5_2 -> conv5_2
I1218 21:23:37.954349  4382 net.cpp:150] Setting up conv5_2
I1218 21:23:37.954375  4382 net.cpp:157] Top shape: 4 512 14 14 (401408)
I1218 21:23:37.954381  4382 net.cpp:165] Memory required for data: 455196720
I1218 21:23:37.954402  4382 layer_factory.hpp:77] Creating layer relu5_2
I1218 21:23:37.954414  4382 net.cpp:100] Creating Layer relu5_2
I1218 21:23:37.954423  4382 net.cpp:434] relu5_2 <- conv5_2
I1218 21:23:37.954432  4382 net.cpp:395] relu5_2 -> conv5_2 (in-place)
I1218 21:23:37.954573  4382 net.cpp:150] Setting up relu5_2
I1218 21:23:37.954584  4382 net.cpp:157] Top shape: 4 512 14 14 (401408)
I1218 21:23:37.954588  4382 net.cpp:165] Memory required for data: 456802352
I1218 21:23:37.954607  4382 layer_factory.hpp:77] Creating layer conv5_3
I1218 21:23:37.954620  4382 net.cpp:100] Creating Layer conv5_3
I1218 21:23:37.954625  4382 net.cpp:434] conv5_3 <- conv5_2
I1218 21:23:37.954632  4382 net.cpp:408] conv5_3 -> conv5_3
I1218 21:23:37.968266  4382 net.cpp:150] Setting up conv5_3
I1218 21:23:37.968292  4382 net.cpp:157] Top shape: 4 512 14 14 (401408)
I1218 21:23:37.968297  4382 net.cpp:165] Memory required for data: 458407984
I1218 21:23:37.968309  4382 layer_factory.hpp:77] Creating layer relu5_3
I1218 21:23:37.968330  4382 net.cpp:100] Creating Layer relu5_3
I1218 21:23:37.968339  4382 net.cpp:434] relu5_3 <- conv5_3
I1218 21:23:37.968349  4382 net.cpp:395] relu5_3 -> conv5_3 (in-place)
I1218 21:23:37.968494  4382 net.cpp:150] Setting up relu5_3
I1218 21:23:37.968504  4382 net.cpp:157] Top shape: 4 512 14 14 (401408)
I1218 21:23:37.968509  4382 net.cpp:165] Memory required for data: 460013616
I1218 21:23:37.968513  4382 layer_factory.hpp:77] Creating layer pool5
I1218 21:23:37.968539  4382 net.cpp:100] Creating Layer pool5
I1218 21:23:37.968544  4382 net.cpp:434] pool5 <- conv5_3
I1218 21:23:37.968551  4382 net.cpp:408] pool5 -> pool5
I1218 21:23:37.968720  4382 net.cpp:150] Setting up pool5
I1218 21:23:37.968730  4382 net.cpp:157] Top shape: 4 512 7 7 (100352)
I1218 21:23:37.968735  4382 net.cpp:165] Memory required for data: 460415024
I1218 21:23:37.968750  4382 layer_factory.hpp:77] Creating layer fc6
I1218 21:23:37.968765  4382 net.cpp:100] Creating Layer fc6
I1218 21:23:37.968770  4382 net.cpp:434] fc6 <- pool5
I1218 21:23:37.968777  4382 net.cpp:408] fc6 -> fc6
I1218 21:23:40.087014  4382 net.cpp:150] Setting up fc6
I1218 21:23:40.087041  4382 net.cpp:157] Top shape: 4 4096 (16384)
I1218 21:23:40.087046  4382 net.cpp:165] Memory required for data: 460480560
I1218 21:23:40.087067  4382 layer_factory.hpp:77] Creating layer relu6
I1218 21:23:40.087098  4382 net.cpp:100] Creating Layer relu6
I1218 21:23:40.087105  4382 net.cpp:434] relu6 <- fc6
I1218 21:23:40.087113  4382 net.cpp:395] relu6 -> fc6 (in-place)
I1218 21:23:40.087721  4382 net.cpp:150] Setting up relu6
I1218 21:23:40.087733  4382 net.cpp:157] Top shape: 4 4096 (16384)
I1218 21:23:40.087738  4382 net.cpp:165] Memory required for data: 460546096
I1218 21:23:40.087743  4382 layer_factory.hpp:77] Creating layer drop6
I1218 21:23:40.087767  4382 net.cpp:100] Creating Layer drop6
I1218 21:23:40.087774  4382 net.cpp:434] drop6 <- fc6
I1218 21:23:40.087779  4382 net.cpp:395] drop6 -> fc6 (in-place)
I1218 21:23:40.087810  4382 net.cpp:150] Setting up drop6
I1218 21:23:40.087827  4382 net.cpp:157] Top shape: 4 4096 (16384)
I1218 21:23:40.087831  4382 net.cpp:165] Memory required for data: 460611632
I1218 21:23:40.087846  4382 layer_factory.hpp:77] Creating layer fc7
I1218 21:23:40.087854  4382 net.cpp:100] Creating Layer fc7
I1218 21:23:40.087858  4382 net.cpp:434] fc7 <- fc6
I1218 21:23:40.087865  4382 net.cpp:408] fc7 -> fc7
I1218 21:23:40.440124  4382 net.cpp:150] Setting up fc7
I1218 21:23:40.440153  4382 net.cpp:157] Top shape: 4 4096 (16384)
I1218 21:23:40.440157  4382 net.cpp:165] Memory required for data: 460677168
I1218 21:23:40.440168  4382 layer_factory.hpp:77] Creating layer relu7
I1218 21:23:40.440187  4382 net.cpp:100] Creating Layer relu7
I1218 21:23:40.440196  4382 net.cpp:434] relu7 <- fc7
I1218 21:23:40.440203  4382 net.cpp:395] relu7 -> fc7 (in-place)
I1218 21:23:40.440389  4382 net.cpp:150] Setting up relu7
I1218 21:23:40.440398  4382 net.cpp:157] Top shape: 4 4096 (16384)
I1218 21:23:40.440403  4382 net.cpp:165] Memory required for data: 460742704
I1218 21:23:40.440418  4382 layer_factory.hpp:77] Creating layer drop7
I1218 21:23:40.440428  4382 net.cpp:100] Creating Layer drop7
I1218 21:23:40.440433  4382 net.cpp:434] drop7 <- fc7
I1218 21:23:40.440438  4382 net.cpp:395] drop7 -> fc7 (in-place)
I1218 21:23:40.440466  4382 net.cpp:150] Setting up drop7
I1218 21:23:40.440474  4382 net.cpp:157] Top shape: 4 4096 (16384)
I1218 21:23:40.440487  4382 net.cpp:165] Memory required for data: 460808240
I1218 21:23:40.440493  4382 layer_factory.hpp:77] Creating layer fc7_drop7_0_split
I1218 21:23:40.440511  4382 net.cpp:100] Creating Layer fc7_drop7_0_split
I1218 21:23:40.440517  4382 net.cpp:434] fc7_drop7_0_split <- fc7
I1218 21:23:40.440523  4382 net.cpp:408] fc7_drop7_0_split -> fc7_drop7_0_split_0
I1218 21:23:40.440532  4382 net.cpp:408] fc7_drop7_0_split -> fc7_drop7_0_split_1
I1218 21:23:40.440563  4382 net.cpp:150] Setting up fc7_drop7_0_split
I1218 21:23:40.440580  4382 net.cpp:157] Top shape: 4 4096 (16384)
I1218 21:23:40.440598  4382 net.cpp:157] Top shape: 4 4096 (16384)
I1218 21:23:40.440603  4382 net.cpp:165] Memory required for data: 460939312
I1218 21:23:40.440606  4382 layer_factory.hpp:77] Creating layer fc8-1
I1218 21:23:40.440616  4382 net.cpp:100] Creating Layer fc8-1
I1218 21:23:40.440621  4382 net.cpp:434] fc8-1 <- fc7_drop7_0_split_0
I1218 21:23:40.440629  4382 net.cpp:408] fc8-1 -> fc8-1
I1218 21:23:40.441454  4382 net.cpp:150] Setting up fc8-1
I1218 21:23:40.441463  4382 net.cpp:157] Top shape: 4 9 (36)
I1218 21:23:40.441468  4382 net.cpp:165] Memory required for data: 460939456
I1218 21:23:40.441475  4382 layer_factory.hpp:77] Creating layer euclidean
I1218 21:23:40.441483  4382 net.cpp:100] Creating Layer euclidean
I1218 21:23:40.441489  4382 net.cpp:434] euclidean <- fc7_drop7_0_split_1
I1218 21:23:40.441496  4382 net.cpp:434] euclidean <- label_data_1_split_0
I1218 21:23:40.441504  4382 net.cpp:408] euclidean -> euclidean
I1218 21:23:40.441514  4382 net.cpp:408] euclidean -> label_dif
I1218 21:23:40.441552  4382 net.cpp:150] Setting up euclidean
I1218 21:23:40.441560  4382 net.cpp:157] Top shape: 2 4096 1 1 (8192)
I1218 21:23:40.441566  4382 net.cpp:157] Top shape: 2 (2)
I1218 21:23:40.441572  4382 net.cpp:165] Memory required for data: 460972232
I1218 21:23:40.441578  4382 layer_factory.hpp:77] Creating layer fc8-1_dif
I1218 21:23:40.441598  4382 net.cpp:100] Creating Layer fc8-1_dif
I1218 21:23:40.441604  4382 net.cpp:434] fc8-1_dif <- euclidean
I1218 21:23:40.441613  4382 net.cpp:408] fc8-1_dif -> fc8-1_dif
I1218 21:23:40.441851  4382 net.cpp:150] Setting up fc8-1_dif
I1218 21:23:40.441859  4382 net.cpp:157] Top shape: 2 2 (4)
I1218 21:23:40.441864  4382 net.cpp:165] Memory required for data: 460972248
I1218 21:23:40.441877  4382 layer_factory.hpp:77] Creating layer loss
I1218 21:23:40.441885  4382 net.cpp:100] Creating Layer loss
I1218 21:23:40.441890  4382 net.cpp:434] loss <- fc8-1
I1218 21:23:40.441895  4382 net.cpp:434] loss <- label_data_1_split_1
I1218 21:23:40.441902  4382 net.cpp:408] loss -> loss
I1218 21:23:40.441912  4382 layer_factory.hpp:77] Creating layer loss
I1218 21:23:40.442116  4382 net.cpp:150] Setting up loss
I1218 21:23:40.442126  4382 net.cpp:157] Top shape: (1)
I1218 21:23:40.442131  4382 net.cpp:160]     with loss weight 0.5
I1218 21:23:40.442148  4382 net.cpp:165] Memory required for data: 460972252
I1218 21:23:40.442155  4382 layer_factory.hpp:77] Creating layer loss_dif
I1218 21:23:40.442164  4382 net.cpp:100] Creating Layer loss_dif
I1218 21:23:40.442169  4382 net.cpp:434] loss_dif <- fc8-1_dif
I1218 21:23:40.442178  4382 net.cpp:434] loss_dif <- label_dif
I1218 21:23:40.442184  4382 net.cpp:408] loss_dif -> loss_dif
I1218 21:23:40.442194  4382 layer_factory.hpp:77] Creating layer loss_dif
I1218 21:23:40.442759  4382 net.cpp:150] Setting up loss_dif
I1218 21:23:40.442771  4382 net.cpp:157] Top shape: (1)
I1218 21:23:40.442776  4382 net.cpp:160]     with loss weight 0.2
I1218 21:23:40.442785  4382 net.cpp:165] Memory required for data: 460972256
I1218 21:23:40.442791  4382 net.cpp:226] loss_dif needs backward computation.
I1218 21:23:40.442798  4382 net.cpp:226] loss needs backward computation.
I1218 21:23:40.442806  4382 net.cpp:226] fc8-1_dif needs backward computation.
I1218 21:23:40.442811  4382 net.cpp:226] euclidean needs backward computation.
I1218 21:23:40.442817  4382 net.cpp:226] fc8-1 needs backward computation.
I1218 21:23:40.442823  4382 net.cpp:226] fc7_drop7_0_split needs backward computation.
I1218 21:23:40.442829  4382 net.cpp:226] drop7 needs backward computation.
I1218 21:23:40.442836  4382 net.cpp:226] relu7 needs backward computation.
I1218 21:23:40.442840  4382 net.cpp:226] fc7 needs backward computation.
I1218 21:23:40.442847  4382 net.cpp:226] drop6 needs backward computation.
I1218 21:23:40.442852  4382 net.cpp:226] relu6 needs backward computation.
I1218 21:23:40.442857  4382 net.cpp:226] fc6 needs backward computation.
I1218 21:23:40.442863  4382 net.cpp:226] pool5 needs backward computation.
I1218 21:23:40.442869  4382 net.cpp:226] relu5_3 needs backward computation.
I1218 21:23:40.442875  4382 net.cpp:226] conv5_3 needs backward computation.
I1218 21:23:40.442881  4382 net.cpp:226] relu5_2 needs backward computation.
I1218 21:23:40.442886  4382 net.cpp:226] conv5_2 needs backward computation.
I1218 21:23:40.442893  4382 net.cpp:226] relu5_1 needs backward computation.
I1218 21:23:40.442898  4382 net.cpp:226] conv5_1 needs backward computation.
I1218 21:23:40.442904  4382 net.cpp:226] pool4 needs backward computation.
I1218 21:23:40.442909  4382 net.cpp:226] relu4_3 needs backward computation.
I1218 21:23:40.442915  4382 net.cpp:226] conv4_3 needs backward computation.
I1218 21:23:40.442921  4382 net.cpp:226] relu4_2 needs backward computation.
I1218 21:23:40.442927  4382 net.cpp:226] conv4_2 needs backward computation.
I1218 21:23:40.442934  4382 net.cpp:226] relu4_1 needs backward computation.
I1218 21:23:40.442939  4382 net.cpp:226] conv4_1 needs backward computation.
I1218 21:23:40.442945  4382 net.cpp:226] pool3 needs backward computation.
I1218 21:23:40.442950  4382 net.cpp:226] relu3_3 needs backward computation.
I1218 21:23:40.442956  4382 net.cpp:226] conv3_3 needs backward computation.
I1218 21:23:40.442962  4382 net.cpp:226] relu3_2 needs backward computation.
I1218 21:23:40.442967  4382 net.cpp:226] conv3_2 needs backward computation.
I1218 21:23:40.442981  4382 net.cpp:226] relu3_1 needs backward computation.
I1218 21:23:40.442986  4382 net.cpp:226] conv3_1 needs backward computation.
I1218 21:23:40.442991  4382 net.cpp:228] pool2 does not need backward computation.
I1218 21:23:40.442996  4382 net.cpp:228] relu2_2 does not need backward computation.
I1218 21:23:40.443002  4382 net.cpp:228] conv2_2 does not need backward computation.
I1218 21:23:40.443008  4382 net.cpp:228] relu2_1 does not need backward computation.
I1218 21:23:40.443014  4382 net.cpp:228] conv2_1 does not need backward computation.
I1218 21:23:40.443022  4382 net.cpp:228] pool1 does not need backward computation.
I1218 21:23:40.443027  4382 net.cpp:228] relu1_2 does not need backward computation.
I1218 21:23:40.443032  4382 net.cpp:228] conv1_2 does not need backward computation.
I1218 21:23:40.443039  4382 net.cpp:228] relu1_1 does not need backward computation.
I1218 21:23:40.443045  4382 net.cpp:228] conv1_1 does not need backward computation.
I1218 21:23:40.443051  4382 net.cpp:228] label_data_1_split does not need backward computation.
I1218 21:23:40.443058  4382 net.cpp:228] data does not need backward computation.
I1218 21:23:40.443063  4382 net.cpp:270] This network produces output loss
I1218 21:23:40.443068  4382 net.cpp:270] This network produces output loss_dif
I1218 21:23:40.443090  4382 net.cpp:283] Network initialization done.
I1218 21:23:40.443645  4382 solver.cpp:181] Creating test net (#0) specified by net file: models/apple_disease/train_val_vgg16_reid.prototxt
I1218 21:23:40.443689  4382 net.cpp:322] The NetState phase (1) differed from the phase (0) specified by a rule in layer data
I1218 21:23:40.443836  4382 net.cpp:58] Initializing net from parameters: 
state {
  phase: TEST
}
layer {
  name: "data"
  type: "ImageData"
  top: "data"
  top: "label"
  include {
    phase: TEST
  }
  transform_param {
    mirror: false
    crop_size: 224
    mean_value: 102.691
    mean_value: 128.77
    mean_value: 131.293
  }
  image_data_param {
    source: "data/apple_disease/val.txt"
    batch_size: 2
    new_height: 256
    new_width: 256
    root_folder: "/media/agwang/\346\226\260\345\212\240\345\215\267/DataSets/Competitions/AppleDiseases/"
  }
}
layer {
  name: "conv1_1"
  type: "Convolution"
  bottom: "data"
  top: "conv1_1"
  param {
    lr_mult: 0
  }
  param {
    lr_mult: 0
  }
  convolution_param {
    num_output: 64
    pad: 1
    kernel_size: 3
    weight_filler {
      type: "xavier"
    }
  }
}
layer {
  name: "relu1_1"
  type: "ReLU"
  bottom: "conv1_1"
  top: "conv1_1"
}
layer {
  name: "conv1_2"
  type: "Convolution"
  bottom: "conv1_1"
  top: "conv1_2"
  param {
    lr_mult: 0
  }
  param {
    lr_mult: 0
  }
  convolution_param {
    num_output: 64
    pad: 1
    kernel_size: 3
    weight_filler {
      type: "xavier"
    }
  }
}
layer {
  name: "relu1_2"
  type: "ReLU"
  bottom: "conv1_2"
  top: "conv1_2"
}
layer {
  name: "pool1"
  type: "Pooling"
  bottom: "conv1_2"
  top: "pool1"
  pooling_param {
    pool: MAX
    kernel_size: 2
    stride: 2
  }
}
layer {
  name: "conv2_1"
  type: "Convolution"
  bottom: "pool1"
  top: "conv2_1"
  param {
    lr_mult: 0
  }
  param {
    lr_mult: 0
  }
  convolution_param {
    num_output: 128
    pad: 1
    kernel_size: 3
    weight_filler {
      type: "xavier"
    }
  }
}
layer {
  name: "relu2_1"
  type: "ReLU"
  bottom: "conv2_1"
  top: "conv2_1"
}
layer {
  name: "conv2_2"
  type: "Convolution"
  bottom: "conv2_1"
  top: "conv2_2"
  param {
    lr_mult: 0
  }
  param {
    lr_mult: 0
  }
  convolution_param {
    num_output: 128
    pad: 1
    kernel_size: 3
    weight_filler {
      type: "xavier"
    }
  }
}
layer {
  name: "relu2_2"
  type: "ReLU"
  bottom: "conv2_2"
  top: "conv2_2"
}
layer {
  name: "pool2"
  type: "Pooling"
  bottom: "conv2_2"
  top: "pool2"
  pooling_param {
    pool: MAX
    kernel_size: 2
    stride: 2
  }
}
layer {
  name: "conv3_1"
  type: "Convolution"
  bottom: "pool2"
  top: "conv3_1"
  convolution_param {
    num_output: 256
    pad: 1
    kernel_size: 3
    weight_filler {
      type: "xavier"
    }
  }
}
layer {
  name: "relu3_1"
  type: "ReLU"
  bottom: "conv3_1"
  top: "conv3_1"
}
layer {
  name: "conv3_2"
  type: "Convolution"
  bottom: "conv3_1"
  top: "conv3_2"
  convolution_param {
    num_output: 256
    pad: 1
    kernel_size: 3
    weight_filler {
      type: "xavier"
    }
  }
}
layer {
  name: "relu3_2"
  type: "ReLU"
  bottom: "conv3_2"
  top: "conv3_2"
}
layer {
  name: "conv3_3"
  type: "Convolution"
  bottom: "conv3_2"
  top: "conv3_3"
  convolution_param {
    num_output: 256
    pad: 1
    kernel_size: 3
    weight_filler {
      type: "xavier"
    }
  }
}
layer {
  name: "relu3_3"
  type: "ReLU"
  bottom: "conv3_3"
  top: "conv3_3"
}
layer {
  name: "pool3"
  type: "Pooling"
  bottom: "conv3_3"
  top: "pool3"
  pooling_param {
    pool: MAX
    kernel_size: 2
    stride: 2
  }
}
layer {
  name: "conv4_1"
  type: "Convolution"
  bottom: "pool3"
  top: "conv4_1"
  convolution_param {
    num_output: 512
    pad: 1
    kernel_size: 3
    weight_filler {
      type: "xavier"
    }
  }
}
layer {
  name: "relu4_1"
  type: "ReLU"
  bottom: "conv4_1"
  top: "conv4_1"
}
layer {
  name: "conv4_2"
  type: "Convolution"
  bottom: "conv4_1"
  top: "conv4_2"
  convolution_param {
    num_output: 512
    pad: 1
    kernel_size: 3
    weight_filler {
      type: "xavier"
    }
  }
}
layer {
  name: "relu4_2"
  type: "ReLU"
  bottom: "conv4_2"
  top: "conv4_2"
}
layer {
  name: "conv4_3"
  type: "Convolution"
  bottom: "conv4_2"
  top: "conv4_3"
  convolution_param {
    num_output: 512
    pad: 1
    kernel_size: 3
    weight_filler {
      type: "xavier"
    }
  }
}
layer {
  name: "relu4_3"
  type: "ReLU"
  bottom: "conv4_3"
  top: "conv4_3"
}
layer {
  name: "pool4"
  type: "Pooling"
  bottom: "conv4_3"
  top: "pool4"
  pooling_param {
    pool: MAX
    kernel_size: 2
    stride: 2
  }
}
layer {
  name: "conv5_1"
  type: "Convolution"
  bottom: "pool4"
  top: "conv5_1"
  convolution_param {
    num_output: 512
    pad: 1
    kernel_size: 3
    weight_filler {
      type: "xavier"
    }
  }
}
layer {
  name: "relu5_1"
  type: "ReLU"
  bottom: "conv5_1"
  top: "conv5_1"
}
layer {
  name: "conv5_2"
  type: "Convolution"
  bottom: "conv5_1"
  top: "conv5_2"
  convolution_param {
    num_output: 512
    pad: 1
    kernel_size: 3
    weight_filler {
      type: "xavier"
    }
  }
}
layer {
  name: "relu5_2"
  type: "ReLU"
  bottom: "conv5_2"
  top: "conv5_2"
}
layer {
  name: "conv5_3"
  type: "Convolution"
  bottom: "conv5_2"
  top: "conv5_3"
  convolution_param {
    num_output: 512
    pad: 1
    kernel_size: 3
    weight_filler {
      type: "xavier"
    }
  }
}
layer {
  name: "relu5_3"
  type: "ReLU"
  bottom: "conv5_3"
  top: "conv5_3"
}
layer {
  name: "pool5"
  type: "Pooling"
  bottom: "conv5_3"
  top: "pool5"
  pooling_param {
    pool: MAX
    kernel_size: 2
    stride: 2
  }
}
layer {
  name: "fc6"
  type: "InnerProduct"
  bottom: "pool5"
  top: "fc6"
  inner_product_param {
    num_output: 4096
    weight_filler {
      type: "gaussian"
      std: 0.01
    }
  }
}
layer {
  name: "relu6"
  type: "ReLU"
  bottom: "fc6"
  top: "fc6"
}
layer {
  name: "drop6"
  type: "Dropout"
  bottom: "fc6"
  top: "fc6"
  dropout_param {
    dropout_ratio: 0.6
  }
}
layer {
  name: "fc7"
  type: "InnerProduct"
  bottom: "fc6"
  top: "fc7"
  inner_product_param {
    num_output: 4096
    weight_filler {
      type: "gaussian"
      std: 0.01
    }
  }
}
layer {
  name: "relu7"
  type: "ReLU"
  bottom: "fc7"
  top: "fc7"
}
layer {
  name: "drop7"
  type: "Dropout"
  bottom: "fc7"
  top: "fc7"
  dropout_param {
    dropout_ratio: 0.6
  }
}
layer {
  name: "fc8-1"
  type: "InnerProduct"
  bottom: "fc7"
  top: "fc8-1"
  inner_product_param {
    num_output: 9
    weight_filler {
      type: "gaussian"
      std: 0.01
    }
  }
}
layer {
  name: "euclidean"
  type: "PairEuclidean"
  bottom: "fc7"
  bottom: "label"
  top: "euclidean"
  top: "label_dif"
}
layer {
  name: "fc8-1_dif"
  type: "InnerProduct"
  bottom: "euclidean"
  top: "fc8-1_dif"
  inner_product_param {
    num_output: 2
    weight_filler {
      type: "gaussian"
      std: 0.01
    }
  }
}
layer {
  name: "loss"
  type: "SoftmaxWithLoss"
  bottom: "fc8-1"
  bottom: "label"
  top: "loss"
  loss_weight: 0.5
  propagate_down: true
  propagate_down: false
}
layer {
  name: "loss_dif"
  type: "SoftmaxWithLoss"
  bottom: "fc8-1_dif"
  bottom: "label_dif"
  top: "loss_dif"
  loss_weight: 0.2
  propagate_down: true
  propagate_down: false
}
layer {
  name: "accuracy"
  type: "Accuracy"
  bottom: "fc8-1"
  bottom: "label"
  top: "accuracy"
  include {
    phase: TEST
  }
}
I1218 21:23:40.444000  4382 layer_factory.hpp:77] Creating layer data
I1218 21:23:40.444017  4382 net.cpp:100] Creating Layer data
I1218 21:23:40.444023  4382 net.cpp:408] data -> data
I1218 21:23:40.444032  4382 net.cpp:408] data -> label
I1218 21:23:40.444041  4382 image_data_layer.cpp:41] Opening file data/apple_disease/val.txt
I1218 21:23:40.444243  4382 image_data_layer.cpp:61] A total of 557 images.
I1218 21:23:40.445207  4382 image_data_layer.cpp:88] output data size: 2,3,224,224
I1218 21:23:40.448626  4382 net.cpp:150] Setting up data
I1218 21:23:40.448650  4382 net.cpp:157] Top shape: 2 3 224 224 (301056)
I1218 21:23:40.448657  4382 net.cpp:157] Top shape: 2 (2)
I1218 21:23:40.448660  4382 net.cpp:165] Memory required for data: 1204232
I1218 21:23:40.448667  4382 layer_factory.hpp:77] Creating layer label_data_1_split
I1218 21:23:40.448679  4382 net.cpp:100] Creating Layer label_data_1_split
I1218 21:23:40.448685  4382 net.cpp:434] label_data_1_split <- label
I1218 21:23:40.448693  4382 net.cpp:408] label_data_1_split -> label_data_1_split_0
I1218 21:23:40.448705  4382 net.cpp:408] label_data_1_split -> label_data_1_split_1
I1218 21:23:40.448712  4382 net.cpp:408] label_data_1_split -> label_data_1_split_2
I1218 21:23:40.448762  4382 net.cpp:150] Setting up label_data_1_split
I1218 21:23:40.448770  4382 net.cpp:157] Top shape: 2 (2)
I1218 21:23:40.448776  4382 net.cpp:157] Top shape: 2 (2)
I1218 21:23:40.448781  4382 net.cpp:157] Top shape: 2 (2)
I1218 21:23:40.448786  4382 net.cpp:165] Memory required for data: 1204256
I1218 21:23:40.448792  4382 layer_factory.hpp:77] Creating layer conv1_1
I1218 21:23:40.448807  4382 net.cpp:100] Creating Layer conv1_1
I1218 21:23:40.448810  4382 net.cpp:434] conv1_1 <- data
I1218 21:23:40.448817  4382 net.cpp:408] conv1_1 -> conv1_1
I1218 21:23:40.449780  4382 net.cpp:150] Setting up conv1_1
I1218 21:23:40.449793  4382 net.cpp:157] Top shape: 2 64 224 224 (6422528)
I1218 21:23:40.449798  4382 net.cpp:165] Memory required for data: 26894368
I1218 21:23:40.449810  4382 layer_factory.hpp:77] Creating layer relu1_1
I1218 21:23:40.449822  4382 net.cpp:100] Creating Layer relu1_1
I1218 21:23:40.449827  4382 net.cpp:434] relu1_1 <- conv1_1
I1218 21:23:40.449832  4382 net.cpp:395] relu1_1 -> conv1_1 (in-place)
I1218 21:23:40.450253  4382 net.cpp:150] Setting up relu1_1
I1218 21:23:40.450264  4382 net.cpp:157] Top shape: 2 64 224 224 (6422528)
I1218 21:23:40.450266  4382 net.cpp:165] Memory required for data: 52584480
I1218 21:23:40.450269  4382 layer_factory.hpp:77] Creating layer conv1_2
I1218 21:23:40.450278  4382 net.cpp:100] Creating Layer conv1_2
I1218 21:23:40.450283  4382 net.cpp:434] conv1_2 <- conv1_1
I1218 21:23:40.450286  4382 net.cpp:408] conv1_2 -> conv1_2
I1218 21:23:40.451261  4382 net.cpp:150] Setting up conv1_2
I1218 21:23:40.451272  4382 net.cpp:157] Top shape: 2 64 224 224 (6422528)
I1218 21:23:40.451275  4382 net.cpp:165] Memory required for data: 78274592
I1218 21:23:40.451282  4382 layer_factory.hpp:77] Creating layer relu1_2
I1218 21:23:40.451288  4382 net.cpp:100] Creating Layer relu1_2
I1218 21:23:40.451292  4382 net.cpp:434] relu1_2 <- conv1_2
I1218 21:23:40.451295  4382 net.cpp:395] relu1_2 -> conv1_2 (in-place)
I1218 21:23:40.451732  4382 net.cpp:150] Setting up relu1_2
I1218 21:23:40.451740  4382 net.cpp:157] Top shape: 2 64 224 224 (6422528)
I1218 21:23:40.451743  4382 net.cpp:165] Memory required for data: 103964704
I1218 21:23:40.451745  4382 layer_factory.hpp:77] Creating layer pool1
I1218 21:23:40.451752  4382 net.cpp:100] Creating Layer pool1
I1218 21:23:40.451763  4382 net.cpp:434] pool1 <- conv1_2
I1218 21:23:40.451768  4382 net.cpp:408] pool1 -> pool1
I1218 21:23:40.451917  4382 net.cpp:150] Setting up pool1
I1218 21:23:40.451925  4382 net.cpp:157] Top shape: 2 64 112 112 (1605632)
I1218 21:23:40.451926  4382 net.cpp:165] Memory required for data: 110387232
I1218 21:23:40.451930  4382 layer_factory.hpp:77] Creating layer conv2_1
I1218 21:23:40.451936  4382 net.cpp:100] Creating Layer conv2_1
I1218 21:23:40.451939  4382 net.cpp:434] conv2_1 <- pool1
I1218 21:23:40.451944  4382 net.cpp:408] conv2_1 -> conv2_1
I1218 21:23:40.453976  4382 net.cpp:150] Setting up conv2_1
I1218 21:23:40.453999  4382 net.cpp:157] Top shape: 2 128 112 112 (3211264)
I1218 21:23:40.454007  4382 net.cpp:165] Memory required for data: 123232288
I1218 21:23:40.454022  4382 layer_factory.hpp:77] Creating layer relu2_1
I1218 21:23:40.454043  4382 net.cpp:100] Creating Layer relu2_1
I1218 21:23:40.454059  4382 net.cpp:434] relu2_1 <- conv2_1
I1218 21:23:40.454066  4382 net.cpp:395] relu2_1 -> conv2_1 (in-place)
I1218 21:23:40.454257  4382 net.cpp:150] Setting up relu2_1
I1218 21:23:40.454267  4382 net.cpp:157] Top shape: 2 128 112 112 (3211264)
I1218 21:23:40.454272  4382 net.cpp:165] Memory required for data: 136077344
I1218 21:23:40.454277  4382 layer_factory.hpp:77] Creating layer conv2_2
I1218 21:23:40.454289  4382 net.cpp:100] Creating Layer conv2_2
I1218 21:23:40.454293  4382 net.cpp:434] conv2_2 <- conv2_1
I1218 21:23:40.454301  4382 net.cpp:408] conv2_2 -> conv2_2
I1218 21:23:40.457023  4382 net.cpp:150] Setting up conv2_2
I1218 21:23:40.457053  4382 net.cpp:157] Top shape: 2 128 112 112 (3211264)
I1218 21:23:40.457057  4382 net.cpp:165] Memory required for data: 148922400
I1218 21:23:40.457064  4382 layer_factory.hpp:77] Creating layer relu2_2
I1218 21:23:40.457072  4382 net.cpp:100] Creating Layer relu2_2
I1218 21:23:40.457074  4382 net.cpp:434] relu2_2 <- conv2_2
I1218 21:23:40.457080  4382 net.cpp:395] relu2_2 -> conv2_2 (in-place)
I1218 21:23:40.457273  4382 net.cpp:150] Setting up relu2_2
I1218 21:23:40.457285  4382 net.cpp:157] Top shape: 2 128 112 112 (3211264)
I1218 21:23:40.457293  4382 net.cpp:165] Memory required for data: 161767456
I1218 21:23:40.457298  4382 layer_factory.hpp:77] Creating layer pool2
I1218 21:23:40.457309  4382 net.cpp:100] Creating Layer pool2
I1218 21:23:40.457314  4382 net.cpp:434] pool2 <- conv2_2
I1218 21:23:40.457324  4382 net.cpp:408] pool2 -> pool2
I1218 21:23:40.458047  4382 net.cpp:150] Setting up pool2
I1218 21:23:40.458063  4382 net.cpp:157] Top shape: 2 128 56 56 (802816)
I1218 21:23:40.458070  4382 net.cpp:165] Memory required for data: 164978720
I1218 21:23:40.458076  4382 layer_factory.hpp:77] Creating layer conv3_1
I1218 21:23:40.458091  4382 net.cpp:100] Creating Layer conv3_1
I1218 21:23:40.458096  4382 net.cpp:434] conv3_1 <- pool2
I1218 21:23:40.458104  4382 net.cpp:408] conv3_1 -> conv3_1
I1218 21:23:40.462190  4382 net.cpp:150] Setting up conv3_1
I1218 21:23:40.462219  4382 net.cpp:157] Top shape: 2 256 56 56 (1605632)
I1218 21:23:40.462226  4382 net.cpp:165] Memory required for data: 171401248
I1218 21:23:40.462244  4382 layer_factory.hpp:77] Creating layer relu3_1
I1218 21:23:40.462255  4382 net.cpp:100] Creating Layer relu3_1
I1218 21:23:40.462262  4382 net.cpp:434] relu3_1 <- conv3_1
I1218 21:23:40.462271  4382 net.cpp:395] relu3_1 -> conv3_1 (in-place)
I1218 21:23:40.463160  4382 net.cpp:150] Setting up relu3_1
I1218 21:23:40.463172  4382 net.cpp:157] Top shape: 2 256 56 56 (1605632)
I1218 21:23:40.463177  4382 net.cpp:165] Memory required for data: 177823776
I1218 21:23:40.463182  4382 layer_factory.hpp:77] Creating layer conv3_2
I1218 21:23:40.463197  4382 net.cpp:100] Creating Layer conv3_2
I1218 21:23:40.463203  4382 net.cpp:434] conv3_2 <- conv3_1
I1218 21:23:40.463212  4382 net.cpp:408] conv3_2 -> conv3_2
I1218 21:23:40.467900  4382 net.cpp:150] Setting up conv3_2
I1218 21:23:40.467922  4382 net.cpp:157] Top shape: 2 256 56 56 (1605632)
I1218 21:23:40.467926  4382 net.cpp:165] Memory required for data: 184246304
I1218 21:23:40.467957  4382 layer_factory.hpp:77] Creating layer relu3_2
I1218 21:23:40.467970  4382 net.cpp:100] Creating Layer relu3_2
I1218 21:23:40.467977  4382 net.cpp:434] relu3_2 <- conv3_2
I1218 21:23:40.467986  4382 net.cpp:395] relu3_2 -> conv3_2 (in-place)
I1218 21:23:40.468127  4382 net.cpp:150] Setting up relu3_2
I1218 21:23:40.468137  4382 net.cpp:157] Top shape: 2 256 56 56 (1605632)
I1218 21:23:40.468142  4382 net.cpp:165] Memory required for data: 190668832
I1218 21:23:40.468148  4382 layer_factory.hpp:77] Creating layer conv3_3
I1218 21:23:40.468165  4382 net.cpp:100] Creating Layer conv3_3
I1218 21:23:40.468170  4382 net.cpp:434] conv3_3 <- conv3_2
I1218 21:23:40.468178  4382 net.cpp:408] conv3_3 -> conv3_3
I1218 21:23:40.474386  4382 net.cpp:150] Setting up conv3_3
I1218 21:23:40.474447  4382 net.cpp:157] Top shape: 2 256 56 56 (1605632)
I1218 21:23:40.474472  4382 net.cpp:165] Memory required for data: 197091360
I1218 21:23:40.474496  4382 layer_factory.hpp:77] Creating layer relu3_3
I1218 21:23:40.474519  4382 net.cpp:100] Creating Layer relu3_3
I1218 21:23:40.474539  4382 net.cpp:434] relu3_3 <- conv3_3
I1218 21:23:40.474562  4382 net.cpp:395] relu3_3 -> conv3_3 (in-place)
I1218 21:23:40.474776  4382 net.cpp:150] Setting up relu3_3
I1218 21:23:40.474787  4382 net.cpp:157] Top shape: 2 256 56 56 (1605632)
I1218 21:23:40.474792  4382 net.cpp:165] Memory required for data: 203513888
I1218 21:23:40.474797  4382 layer_factory.hpp:77] Creating layer pool3
I1218 21:23:40.474812  4382 net.cpp:100] Creating Layer pool3
I1218 21:23:40.474817  4382 net.cpp:434] pool3 <- conv3_3
I1218 21:23:40.474826  4382 net.cpp:408] pool3 -> pool3
I1218 21:23:40.475013  4382 net.cpp:150] Setting up pool3
I1218 21:23:40.475024  4382 net.cpp:157] Top shape: 2 256 28 28 (401408)
I1218 21:23:40.475028  4382 net.cpp:165] Memory required for data: 205119520
I1218 21:23:40.475035  4382 layer_factory.hpp:77] Creating layer conv4_1
I1218 21:23:40.475049  4382 net.cpp:100] Creating Layer conv4_1
I1218 21:23:40.475054  4382 net.cpp:434] conv4_1 <- pool3
I1218 21:23:40.475065  4382 net.cpp:408] conv4_1 -> conv4_1
I1218 21:23:40.482842  4382 net.cpp:150] Setting up conv4_1
I1218 21:23:40.482866  4382 net.cpp:157] Top shape: 2 512 28 28 (802816)
I1218 21:23:40.482869  4382 net.cpp:165] Memory required for data: 208330784
I1218 21:23:40.482879  4382 layer_factory.hpp:77] Creating layer relu4_1
I1218 21:23:40.482899  4382 net.cpp:100] Creating Layer relu4_1
I1218 21:23:40.482908  4382 net.cpp:434] relu4_1 <- conv4_1
I1218 21:23:40.482918  4382 net.cpp:395] relu4_1 -> conv4_1 (in-place)
I1218 21:23:40.483068  4382 net.cpp:150] Setting up relu4_1
I1218 21:23:40.483078  4382 net.cpp:157] Top shape: 2 512 28 28 (802816)
I1218 21:23:40.483083  4382 net.cpp:165] Memory required for data: 211542048
I1218 21:23:40.483088  4382 layer_factory.hpp:77] Creating layer conv4_2
I1218 21:23:40.483109  4382 net.cpp:100] Creating Layer conv4_2
I1218 21:23:40.483114  4382 net.cpp:434] conv4_2 <- conv4_1
I1218 21:23:40.483121  4382 net.cpp:408] conv4_2 -> conv4_2
I1218 21:23:40.496733  4382 net.cpp:150] Setting up conv4_2
I1218 21:23:40.496762  4382 net.cpp:157] Top shape: 2 512 28 28 (802816)
I1218 21:23:40.496767  4382 net.cpp:165] Memory required for data: 214753312
I1218 21:23:40.496798  4382 layer_factory.hpp:77] Creating layer relu4_2
I1218 21:23:40.496814  4382 net.cpp:100] Creating Layer relu4_2
I1218 21:23:40.496821  4382 net.cpp:434] relu4_2 <- conv4_2
I1218 21:23:40.496830  4382 net.cpp:395] relu4_2 -> conv4_2 (in-place)
I1218 21:23:40.497355  4382 net.cpp:150] Setting up relu4_2
I1218 21:23:40.497370  4382 net.cpp:157] Top shape: 2 512 28 28 (802816)
I1218 21:23:40.497376  4382 net.cpp:165] Memory required for data: 217964576
I1218 21:23:40.497392  4382 layer_factory.hpp:77] Creating layer conv4_3
I1218 21:23:40.497413  4382 net.cpp:100] Creating Layer conv4_3
I1218 21:23:40.497426  4382 net.cpp:434] conv4_3 <- conv4_2
I1218 21:23:40.497437  4382 net.cpp:408] conv4_3 -> conv4_3
I1218 21:23:40.511533  4382 net.cpp:150] Setting up conv4_3
I1218 21:23:40.511571  4382 net.cpp:157] Top shape: 2 512 28 28 (802816)
I1218 21:23:40.511577  4382 net.cpp:165] Memory required for data: 221175840
I1218 21:23:40.511598  4382 layer_factory.hpp:77] Creating layer relu4_3
I1218 21:23:40.511613  4382 net.cpp:100] Creating Layer relu4_3
I1218 21:23:40.511622  4382 net.cpp:434] relu4_3 <- conv4_3
I1218 21:23:40.511631  4382 net.cpp:395] relu4_3 -> conv4_3 (in-place)
I1218 21:23:40.511793  4382 net.cpp:150] Setting up relu4_3
I1218 21:23:40.511803  4382 net.cpp:157] Top shape: 2 512 28 28 (802816)
I1218 21:23:40.511817  4382 net.cpp:165] Memory required for data: 224387104
I1218 21:23:40.511823  4382 layer_factory.hpp:77] Creating layer pool4
I1218 21:23:40.511835  4382 net.cpp:100] Creating Layer pool4
I1218 21:23:40.511840  4382 net.cpp:434] pool4 <- conv4_3
I1218 21:23:40.511849  4382 net.cpp:408] pool4 -> pool4
I1218 21:23:40.512018  4382 net.cpp:150] Setting up pool4
I1218 21:23:40.512029  4382 net.cpp:157] Top shape: 2 512 14 14 (200704)
I1218 21:23:40.512033  4382 net.cpp:165] Memory required for data: 225189920
I1218 21:23:40.512038  4382 layer_factory.hpp:77] Creating layer conv5_1
I1218 21:23:40.512053  4382 net.cpp:100] Creating Layer conv5_1
I1218 21:23:40.512058  4382 net.cpp:434] conv5_1 <- pool4
I1218 21:23:40.512065  4382 net.cpp:408] conv5_1 -> conv5_1
I1218 21:23:40.525764  4382 net.cpp:150] Setting up conv5_1
I1218 21:23:40.525792  4382 net.cpp:157] Top shape: 2 512 14 14 (200704)
I1218 21:23:40.525799  4382 net.cpp:165] Memory required for data: 225992736
I1218 21:23:40.525820  4382 layer_factory.hpp:77] Creating layer relu5_1
I1218 21:23:40.525831  4382 net.cpp:100] Creating Layer relu5_1
I1218 21:23:40.525841  4382 net.cpp:434] relu5_1 <- conv5_1
I1218 21:23:40.525852  4382 net.cpp:395] relu5_1 -> conv5_1 (in-place)
I1218 21:23:40.526010  4382 net.cpp:150] Setting up relu5_1
I1218 21:23:40.526021  4382 net.cpp:157] Top shape: 2 512 14 14 (200704)
I1218 21:23:40.526026  4382 net.cpp:165] Memory required for data: 226795552
I1218 21:23:40.526029  4382 layer_factory.hpp:77] Creating layer conv5_2
I1218 21:23:40.526042  4382 net.cpp:100] Creating Layer conv5_2
I1218 21:23:40.526049  4382 net.cpp:434] conv5_2 <- conv5_1
I1218 21:23:40.526057  4382 net.cpp:408] conv5_2 -> conv5_2
I1218 21:23:40.540220  4382 net.cpp:150] Setting up conv5_2
I1218 21:23:40.540243  4382 net.cpp:157] Top shape: 2 512 14 14 (200704)
I1218 21:23:40.540248  4382 net.cpp:165] Memory required for data: 227598368
I1218 21:23:40.540269  4382 layer_factory.hpp:77] Creating layer relu5_2
I1218 21:23:40.540280  4382 net.cpp:100] Creating Layer relu5_2
I1218 21:23:40.540289  4382 net.cpp:434] relu5_2 <- conv5_2
I1218 21:23:40.540300  4382 net.cpp:395] relu5_2 -> conv5_2 (in-place)
I1218 21:23:40.540457  4382 net.cpp:150] Setting up relu5_2
I1218 21:23:40.540467  4382 net.cpp:157] Top shape: 2 512 14 14 (200704)
I1218 21:23:40.540472  4382 net.cpp:165] Memory required for data: 228401184
I1218 21:23:40.540488  4382 layer_factory.hpp:77] Creating layer conv5_3
I1218 21:23:40.540501  4382 net.cpp:100] Creating Layer conv5_3
I1218 21:23:40.540506  4382 net.cpp:434] conv5_3 <- conv5_2
I1218 21:23:40.540514  4382 net.cpp:408] conv5_3 -> conv5_3
I1218 21:23:40.554025  4382 net.cpp:150] Setting up conv5_3
I1218 21:23:40.554047  4382 net.cpp:157] Top shape: 2 512 14 14 (200704)
I1218 21:23:40.554052  4382 net.cpp:165] Memory required for data: 229204000
I1218 21:23:40.554071  4382 layer_factory.hpp:77] Creating layer relu5_3
I1218 21:23:40.554081  4382 net.cpp:100] Creating Layer relu5_3
I1218 21:23:40.554090  4382 net.cpp:434] relu5_3 <- conv5_3
I1218 21:23:40.554100  4382 net.cpp:395] relu5_3 -> conv5_3 (in-place)
I1218 21:23:40.554541  4382 net.cpp:150] Setting up relu5_3
I1218 21:23:40.554553  4382 net.cpp:157] Top shape: 2 512 14 14 (200704)
I1218 21:23:40.554558  4382 net.cpp:165] Memory required for data: 230006816
I1218 21:23:40.554571  4382 layer_factory.hpp:77] Creating layer pool5
I1218 21:23:40.554587  4382 net.cpp:100] Creating Layer pool5
I1218 21:23:40.554594  4382 net.cpp:434] pool5 <- conv5_3
I1218 21:23:40.554612  4382 net.cpp:408] pool5 -> pool5
I1218 21:23:40.554810  4382 net.cpp:150] Setting up pool5
I1218 21:23:40.554821  4382 net.cpp:157] Top shape: 2 512 7 7 (50176)
I1218 21:23:40.554824  4382 net.cpp:165] Memory required for data: 230207520
I1218 21:23:40.554841  4382 layer_factory.hpp:77] Creating layer fc6
I1218 21:23:40.554852  4382 net.cpp:100] Creating Layer fc6
I1218 21:23:40.554857  4382 net.cpp:434] fc6 <- pool5
I1218 21:23:40.554864  4382 net.cpp:408] fc6 -> fc6
I1218 21:23:42.690295  4382 net.cpp:150] Setting up fc6
I1218 21:23:42.690394  4382 net.cpp:157] Top shape: 2 4096 (8192)
I1218 21:23:42.690402  4382 net.cpp:165] Memory required for data: 230240288
I1218 21:23:42.690412  4382 layer_factory.hpp:77] Creating layer relu6
I1218 21:23:42.690424  4382 net.cpp:100] Creating Layer relu6
I1218 21:23:42.690430  4382 net.cpp:434] relu6 <- fc6
I1218 21:23:42.690438  4382 net.cpp:395] relu6 -> fc6 (in-place)
I1218 21:23:42.690634  4382 net.cpp:150] Setting up relu6
I1218 21:23:42.690644  4382 net.cpp:157] Top shape: 2 4096 (8192)
I1218 21:23:42.690649  4382 net.cpp:165] Memory required for data: 230273056
I1218 21:23:42.690654  4382 layer_factory.hpp:77] Creating layer drop6
I1218 21:23:42.690662  4382 net.cpp:100] Creating Layer drop6
I1218 21:23:42.690667  4382 net.cpp:434] drop6 <- fc6
I1218 21:23:42.690673  4382 net.cpp:395] drop6 -> fc6 (in-place)
I1218 21:23:42.690706  4382 net.cpp:150] Setting up drop6
I1218 21:23:42.690716  4382 net.cpp:157] Top shape: 2 4096 (8192)
I1218 21:23:42.690721  4382 net.cpp:165] Memory required for data: 230305824
I1218 21:23:42.690724  4382 layer_factory.hpp:77] Creating layer fc7
I1218 21:23:42.690735  4382 net.cpp:100] Creating Layer fc7
I1218 21:23:42.690740  4382 net.cpp:434] fc7 <- fc6
I1218 21:23:42.690747  4382 net.cpp:408] fc7 -> fc7
I1218 21:23:43.042243  4382 net.cpp:150] Setting up fc7
I1218 21:23:43.042273  4382 net.cpp:157] Top shape: 2 4096 (8192)
I1218 21:23:43.042276  4382 net.cpp:165] Memory required for data: 230338592
I1218 21:23:43.042296  4382 layer_factory.hpp:77] Creating layer relu7
I1218 21:23:43.042305  4382 net.cpp:100] Creating Layer relu7
I1218 21:23:43.042315  4382 net.cpp:434] relu7 <- fc7
I1218 21:23:43.042323  4382 net.cpp:395] relu7 -> fc7 (in-place)
I1218 21:23:43.042934  4382 net.cpp:150] Setting up relu7
I1218 21:23:43.042946  4382 net.cpp:157] Top shape: 2 4096 (8192)
I1218 21:23:43.042951  4382 net.cpp:165] Memory required for data: 230371360
I1218 21:23:43.042955  4382 layer_factory.hpp:77] Creating layer drop7
I1218 21:23:43.042974  4382 net.cpp:100] Creating Layer drop7
I1218 21:23:43.042980  4382 net.cpp:434] drop7 <- fc7
I1218 21:23:43.042989  4382 net.cpp:395] drop7 -> fc7 (in-place)
I1218 21:23:43.043020  4382 net.cpp:150] Setting up drop7
I1218 21:23:43.043036  4382 net.cpp:157] Top shape: 2 4096 (8192)
I1218 21:23:43.043053  4382 net.cpp:165] Memory required for data: 230404128
I1218 21:23:43.043061  4382 layer_factory.hpp:77] Creating layer fc7_drop7_0_split
I1218 21:23:43.043068  4382 net.cpp:100] Creating Layer fc7_drop7_0_split
I1218 21:23:43.043073  4382 net.cpp:434] fc7_drop7_0_split <- fc7
I1218 21:23:43.043081  4382 net.cpp:408] fc7_drop7_0_split -> fc7_drop7_0_split_0
I1218 21:23:43.043089  4382 net.cpp:408] fc7_drop7_0_split -> fc7_drop7_0_split_1
I1218 21:23:43.043135  4382 net.cpp:150] Setting up fc7_drop7_0_split
I1218 21:23:43.043143  4382 net.cpp:157] Top shape: 2 4096 (8192)
I1218 21:23:43.043148  4382 net.cpp:157] Top shape: 2 4096 (8192)
I1218 21:23:43.043162  4382 net.cpp:165] Memory required for data: 230469664
I1218 21:23:43.043167  4382 layer_factory.hpp:77] Creating layer fc8-1
I1218 21:23:43.043176  4382 net.cpp:100] Creating Layer fc8-1
I1218 21:23:43.043181  4382 net.cpp:434] fc8-1 <- fc7_drop7_0_split_0
I1218 21:23:43.043190  4382 net.cpp:408] fc8-1 -> fc8-1
I1218 21:23:43.044020  4382 net.cpp:150] Setting up fc8-1
I1218 21:23:43.044029  4382 net.cpp:157] Top shape: 2 9 (18)
I1218 21:23:43.044034  4382 net.cpp:165] Memory required for data: 230469736
I1218 21:23:43.044054  4382 layer_factory.hpp:77] Creating layer fc8-1_fc8-1_0_split
I1218 21:23:43.044059  4382 net.cpp:100] Creating Layer fc8-1_fc8-1_0_split
I1218 21:23:43.044066  4382 net.cpp:434] fc8-1_fc8-1_0_split <- fc8-1
I1218 21:23:43.044076  4382 net.cpp:408] fc8-1_fc8-1_0_split -> fc8-1_fc8-1_0_split_0
I1218 21:23:43.044085  4382 net.cpp:408] fc8-1_fc8-1_0_split -> fc8-1_fc8-1_0_split_1
I1218 21:23:43.044127  4382 net.cpp:150] Setting up fc8-1_fc8-1_0_split
I1218 21:23:43.044134  4382 net.cpp:157] Top shape: 2 9 (18)
I1218 21:23:43.044152  4382 net.cpp:157] Top shape: 2 9 (18)
I1218 21:23:43.044167  4382 net.cpp:165] Memory required for data: 230469880
I1218 21:23:43.044173  4382 layer_factory.hpp:77] Creating layer euclidean
I1218 21:23:43.044183  4382 net.cpp:100] Creating Layer euclidean
I1218 21:23:43.044188  4382 net.cpp:434] euclidean <- fc7_drop7_0_split_1
I1218 21:23:43.044193  4382 net.cpp:434] euclidean <- label_data_1_split_0
I1218 21:23:43.044200  4382 net.cpp:408] euclidean -> euclidean
I1218 21:23:43.044210  4382 net.cpp:408] euclidean -> label_dif
I1218 21:23:43.044260  4382 net.cpp:150] Setting up euclidean
I1218 21:23:43.044266  4382 net.cpp:157] Top shape: 1 4096 1 1 (4096)
I1218 21:23:43.044275  4382 net.cpp:157] Top shape: 1 (1)
I1218 21:23:43.044279  4382 net.cpp:165] Memory required for data: 230486268
I1218 21:23:43.044283  4382 layer_factory.hpp:77] Creating layer fc8-1_dif
I1218 21:23:43.044292  4382 net.cpp:100] Creating Layer fc8-1_dif
I1218 21:23:43.044297  4382 net.cpp:434] fc8-1_dif <- euclidean
I1218 21:23:43.044304  4382 net.cpp:408] fc8-1_dif -> fc8-1_dif
I1218 21:23:43.044556  4382 net.cpp:150] Setting up fc8-1_dif
I1218 21:23:43.044567  4382 net.cpp:157] Top shape: 1 2 (2)
I1218 21:23:43.044574  4382 net.cpp:165] Memory required for data: 230486276
I1218 21:23:43.044585  4382 layer_factory.hpp:77] Creating layer loss
I1218 21:23:43.044594  4382 net.cpp:100] Creating Layer loss
I1218 21:23:43.044600  4382 net.cpp:434] loss <- fc8-1_fc8-1_0_split_0
I1218 21:23:43.044606  4382 net.cpp:434] loss <- label_data_1_split_1
I1218 21:23:43.044615  4382 net.cpp:408] loss -> loss
I1218 21:23:43.044625  4382 layer_factory.hpp:77] Creating layer loss
I1218 21:23:43.045203  4382 net.cpp:150] Setting up loss
I1218 21:23:43.045215  4382 net.cpp:157] Top shape: (1)
I1218 21:23:43.045220  4382 net.cpp:160]     with loss weight 0.5
I1218 21:23:43.045233  4382 net.cpp:165] Memory required for data: 230486280
I1218 21:23:43.045240  4382 layer_factory.hpp:77] Creating layer loss_dif
I1218 21:23:43.045249  4382 net.cpp:100] Creating Layer loss_dif
I1218 21:23:43.045255  4382 net.cpp:434] loss_dif <- fc8-1_dif
I1218 21:23:43.045262  4382 net.cpp:434] loss_dif <- label_dif
I1218 21:23:43.045270  4382 net.cpp:408] loss_dif -> loss_dif
I1218 21:23:43.045280  4382 layer_factory.hpp:77] Creating layer loss_dif
I1218 21:23:43.045487  4382 net.cpp:150] Setting up loss_dif
I1218 21:23:43.045497  4382 net.cpp:157] Top shape: (1)
I1218 21:23:43.045502  4382 net.cpp:160]     with loss weight 0.2
I1218 21:23:43.045511  4382 net.cpp:165] Memory required for data: 230486284
I1218 21:23:43.045516  4382 layer_factory.hpp:77] Creating layer accuracy
I1218 21:23:43.045527  4382 net.cpp:100] Creating Layer accuracy
I1218 21:23:43.045532  4382 net.cpp:434] accuracy <- fc8-1_fc8-1_0_split_1
I1218 21:23:43.045538  4382 net.cpp:434] accuracy <- label_data_1_split_2
I1218 21:23:43.045547  4382 net.cpp:408] accuracy -> accuracy
I1218 21:23:43.045557  4382 net.cpp:150] Setting up accuracy
I1218 21:23:43.045564  4382 net.cpp:157] Top shape: (1)
I1218 21:23:43.045569  4382 net.cpp:165] Memory required for data: 230486288
I1218 21:23:43.045575  4382 net.cpp:228] accuracy does not need backward computation.
I1218 21:23:43.045583  4382 net.cpp:226] loss_dif needs backward computation.
I1218 21:23:43.045588  4382 net.cpp:226] loss needs backward computation.
I1218 21:23:43.045594  4382 net.cpp:226] fc8-1_dif needs backward computation.
I1218 21:23:43.045599  4382 net.cpp:226] euclidean needs backward computation.
I1218 21:23:43.045606  4382 net.cpp:226] fc8-1_fc8-1_0_split needs backward computation.
I1218 21:23:43.045611  4382 net.cpp:226] fc8-1 needs backward computation.
I1218 21:23:43.045615  4382 net.cpp:226] fc7_drop7_0_split needs backward computation.
I1218 21:23:43.045621  4382 net.cpp:226] drop7 needs backward computation.
I1218 21:23:43.045627  4382 net.cpp:226] relu7 needs backward computation.
I1218 21:23:43.045631  4382 net.cpp:226] fc7 needs backward computation.
I1218 21:23:43.045637  4382 net.cpp:226] drop6 needs backward computation.
I1218 21:23:43.045642  4382 net.cpp:226] relu6 needs backward computation.
I1218 21:23:43.045655  4382 net.cpp:226] fc6 needs backward computation.
I1218 21:23:43.045661  4382 net.cpp:226] pool5 needs backward computation.
I1218 21:23:43.045667  4382 net.cpp:226] relu5_3 needs backward computation.
I1218 21:23:43.045672  4382 net.cpp:226] conv5_3 needs backward computation.
I1218 21:23:43.045678  4382 net.cpp:226] relu5_2 needs backward computation.
I1218 21:23:43.045683  4382 net.cpp:226] conv5_2 needs backward computation.
I1218 21:23:43.045689  4382 net.cpp:226] relu5_1 needs backward computation.
I1218 21:23:43.045694  4382 net.cpp:226] conv5_1 needs backward computation.
I1218 21:23:43.045701  4382 net.cpp:226] pool4 needs backward computation.
I1218 21:23:43.045706  4382 net.cpp:226] relu4_3 needs backward computation.
I1218 21:23:43.045712  4382 net.cpp:226] conv4_3 needs backward computation.
I1218 21:23:43.045717  4382 net.cpp:226] relu4_2 needs backward computation.
I1218 21:23:43.045722  4382 net.cpp:226] conv4_2 needs backward computation.
I1218 21:23:43.045728  4382 net.cpp:226] relu4_1 needs backward computation.
I1218 21:23:43.045733  4382 net.cpp:226] conv4_1 needs backward computation.
I1218 21:23:43.045738  4382 net.cpp:226] pool3 needs backward computation.
I1218 21:23:43.045743  4382 net.cpp:226] relu3_3 needs backward computation.
I1218 21:23:43.045749  4382 net.cpp:226] conv3_3 needs backward computation.
I1218 21:23:43.045754  4382 net.cpp:226] relu3_2 needs backward computation.
I1218 21:23:43.045760  4382 net.cpp:226] conv3_2 needs backward computation.
I1218 21:23:43.045764  4382 net.cpp:226] relu3_1 needs backward computation.
I1218 21:23:43.045769  4382 net.cpp:226] conv3_1 needs backward computation.
I1218 21:23:43.045774  4382 net.cpp:228] pool2 does not need backward computation.
I1218 21:23:43.045780  4382 net.cpp:228] relu2_2 does not need backward computation.
I1218 21:23:43.045785  4382 net.cpp:228] conv2_2 does not need backward computation.
I1218 21:23:43.045791  4382 net.cpp:228] relu2_1 does not need backward computation.
I1218 21:23:43.045796  4382 net.cpp:228] conv2_1 does not need backward computation.
I1218 21:23:43.045804  4382 net.cpp:228] pool1 does not need backward computation.
I1218 21:23:43.045809  4382 net.cpp:228] relu1_2 does not need backward computation.
I1218 21:23:43.045814  4382 net.cpp:228] conv1_2 does not need backward computation.
I1218 21:23:43.045820  4382 net.cpp:228] relu1_1 does not need backward computation.
I1218 21:23:43.045825  4382 net.cpp:228] conv1_1 does not need backward computation.
I1218 21:23:43.045831  4382 net.cpp:228] label_data_1_split does not need backward computation.
I1218 21:23:43.045837  4382 net.cpp:228] data does not need backward computation.
I1218 21:23:43.045842  4382 net.cpp:270] This network produces output accuracy
I1218 21:23:43.045847  4382 net.cpp:270] This network produces output loss
I1218 21:23:43.045853  4382 net.cpp:270] This network produces output loss_dif
I1218 21:23:43.045877  4382 net.cpp:283] Network initialization done.
I1218 21:23:43.045984  4382 solver.cpp:60] Solver scaffolding done.
I1218 21:23:43.046902  4382 caffe.cpp:251] Starting Optimization
I1218 21:23:43.046910  4382 solver.cpp:292] Solving 
I1218 21:23:43.046913  4382 solver.cpp:293] Learning Rate Policy: step
I1218 21:23:43.051381  4382 solver.cpp:350] Iteration 0, Testing net (#0)
I1218 21:23:43.598948  4382 solver.cpp:417]     Test net output #0: accuracy = 0.571429
I1218 21:23:43.598980  4382 solver.cpp:417]     Test net output #1: loss = 1.84145 (* 0.5 = 0.920726 loss)
I1218 21:23:43.598989  4382 solver.cpp:417]     Test net output #2: loss_dif = 0.694407 (* 0.2 = 0.138881 loss)
I1218 21:23:43.646663  4382 solver.cpp:236] Iteration 0 / 10000 (-1.86493e-32 iter/s, 0.599682s/100 iters), loss = 2.46097      [ 0:1 (H:M) ]
I1218 21:23:43.646694  4382 solver.cpp:241] Iteration 0, loss = 2.46097
I1218 21:23:43.646704  4382 solver.cpp:257]     Train net output #0: loss = 2.93399 (* 0.5 = 1.467 loss)
I1218 21:23:43.646711  4382 solver.cpp:257]     Train net output #1: loss_dif = 4.96986 (* 0.2 = 0.993971 loss)
I1218 21:23:43.646739  4382 sgd_solver.cpp:106] Iteration 0, lr = 0.0001
I1218 21:23:49.372200  4382 solver.cpp:236] Iteration 100 / 10000 (17.4664 iter/s, 5.72527s/100 iters), loss = 1.22143      [ 0:9 (H:M) ]
I1218 21:23:49.372242  4382 solver.cpp:241] Iteration 100, loss = 1.22143
I1218 21:23:49.372262  4382 solver.cpp:257]     Train net output #0: loss = 2.08063 (* 0.5 = 1.04031 loss)
I1218 21:23:49.372267  4382 solver.cpp:257]     Train net output #1: loss_dif = 0.637581 (* 0.2 = 0.127516 loss)
I1218 21:23:49.372274  4382 sgd_solver.cpp:106] Iteration 100, lr = 0.0001
I1218 21:23:55.101444  4382 solver.cpp:236] Iteration 200 / 10000 (17.4551 iter/s, 5.72898s/100 iters), loss = 1.24254      [ 0:9 (H:M) ]
I1218 21:23:55.101491  4382 solver.cpp:241] Iteration 200, loss = 1.24254
I1218 21:23:55.101510  4382 solver.cpp:257]     Train net output #0: loss = 2.30949 (* 0.5 = 1.15475 loss)
I1218 21:23:55.101514  4382 solver.cpp:257]     Train net output #1: loss_dif = 0.660599 (* 0.2 = 0.13212 loss)
I1218 21:23:55.101521  4382 sgd_solver.cpp:106] Iteration 200, lr = 0.0001
I1218 21:24:00.839586  4382 solver.cpp:236] Iteration 300 / 10000 (17.4281 iter/s, 5.73786s/100 iters), loss = 1.23392      [ 0:9 (H:M) ]
I1218 21:24:00.839625  4382 solver.cpp:241] Iteration 300, loss = 1.23392
I1218 21:24:00.839637  4382 solver.cpp:257]     Train net output #0: loss = 2.1687 (* 0.5 = 1.08435 loss)
I1218 21:24:00.839653  4382 solver.cpp:257]     Train net output #1: loss_dif = 0.557025 (* 0.2 = 0.111405 loss)
I1218 21:24:00.839658  4382 sgd_solver.cpp:106] Iteration 300, lr = 0.0001
I1218 21:24:06.581224  4382 solver.cpp:236] Iteration 400 / 10000 (17.4174 iter/s, 5.74137s/100 iters), loss = 1.25115      [ 0:9 (H:M) ]
I1218 21:24:06.581264  4382 solver.cpp:241] Iteration 400, loss = 1.25115
I1218 21:24:06.581270  4382 solver.cpp:257]     Train net output #0: loss = 2.49754 (* 0.5 = 1.24877 loss)
I1218 21:24:06.581275  4382 solver.cpp:257]     Train net output #1: loss_dif = 0.736173 (* 0.2 = 0.147235 loss)
I1218 21:24:06.581291  4382 sgd_solver.cpp:106] Iteration 400, lr = 0.0001
I1218 21:24:12.249905  4382 solver.cpp:350] Iteration 500, Testing net (#0)
I1218 21:24:12.457917  4382 blocking_queue.cpp:50] Data layer prefetch queue empty
I1218 21:24:14.294083  4382 solver.cpp:417]     Test net output #0: accuracy = 0.0428571
I1218 21:24:14.294196  4382 solver.cpp:417]     Test net output #1: loss = 2.15946 (* 0.5 = 1.07973 loss)
I1218 21:24:14.294209  4382 solver.cpp:417]     Test net output #2: loss_dif = 0.693447 (* 0.2 = 0.138689 loss)
I1218 21:24:14.335728  4382 solver.cpp:236] Iteration 500 / 10000 (12.8963 iter/s, 7.75416s/100 iters), loss = 1.21237      [ 0:12 (H:M) ]
I1218 21:24:14.335767  4382 solver.cpp:241] Iteration 500, loss = 1.21237
I1218 21:24:14.335774  4382 solver.cpp:257]     Train net output #0: loss = 2.15165 (* 0.5 = 1.07583 loss)
I1218 21:24:14.335779  4382 solver.cpp:257]     Train net output #1: loss_dif = 0.621165 (* 0.2 = 0.124233 loss)
I1218 21:24:14.335785  4382 sgd_solver.cpp:106] Iteration 500, lr = 0.0001
I1218 21:24:20.089578  4382 solver.cpp:236] Iteration 600 / 10000 (17.3805 iter/s, 5.75358s/100 iters), loss = 1.20491      [ 0:9 (H:M) ]
I1218 21:24:20.089618  4382 solver.cpp:241] Iteration 600, loss = 1.20491
I1218 21:24:20.089624  4382 solver.cpp:257]     Train net output #0: loss = 2.11785 (* 0.5 = 1.05893 loss)
I1218 21:24:20.089640  4382 solver.cpp:257]     Train net output #1: loss_dif = 0.754211 (* 0.2 = 0.150842 loss)
I1218 21:24:20.089646  4382 sgd_solver.cpp:106] Iteration 600, lr = 0.0001
I1218 21:24:25.845932  4382 solver.cpp:236] Iteration 700 / 10000 (17.3729 iter/s, 5.75608s/100 iters), loss = 1.19092      [ 0:9 (H:M) ]
I1218 21:24:25.845984  4382 solver.cpp:241] Iteration 700, loss = 1.19092
I1218 21:24:25.845993  4382 solver.cpp:257]     Train net output #0: loss = 2.10046 (* 0.5 = 1.05023 loss)
I1218 21:24:25.845998  4382 solver.cpp:257]     Train net output #1: loss_dif = 0.802895 (* 0.2 = 0.160579 loss)
I1218 21:24:25.846004  4382 sgd_solver.cpp:106] Iteration 700, lr = 0.0001
I1218 21:24:31.604981  4382 solver.cpp:236] Iteration 800 / 10000 (17.3649 iter/s, 5.75876s/100 iters), loss = 1.21831      [ 0:9 (H:M) ]
I1218 21:24:31.605023  4382 solver.cpp:241] Iteration 800, loss = 1.21831
I1218 21:24:31.605044  4382 solver.cpp:257]     Train net output #0: loss = 2.01921 (* 0.5 = 1.0096 loss)
I1218 21:24:31.605053  4382 solver.cpp:257]     Train net output #1: loss_dif = 0.789973 (* 0.2 = 0.157995 loss)
I1218 21:24:31.605064  4382 sgd_solver.cpp:106] Iteration 800, lr = 0.0001
I1218 21:24:37.372954  4382 solver.cpp:236] Iteration 900 / 10000 (17.338 iter/s, 5.76768s/100 iters), loss = 1.24401      [ 0:9 (H:M) ]
I1218 21:24:37.373025  4382 solver.cpp:241] Iteration 900, loss = 1.24401
I1218 21:24:37.373050  4382 solver.cpp:257]     Train net output #0: loss = 2.21976 (* 0.5 = 1.10988 loss)
I1218 21:24:37.373060  4382 solver.cpp:257]     Train net output #1: loss_dif = 0.662812 (* 0.2 = 0.132562 loss)
I1218 21:24:37.373075  4382 sgd_solver.cpp:106] Iteration 900, lr = 0.0001
I1218 21:24:43.060422  4382 solver.cpp:467] Snapshotting to binary proto file models/apple_disease/resnet50_train_iter_1000.caffemodel
I1218 21:24:44.338107  4382 sgd_solver.cpp:273] Snapshotting solver state to binary proto file models/apple_disease/resnet50_train_iter_1000.solverstate
I1218 21:24:44.818871  4382 solver.cpp:350] Iteration 1000, Testing net (#0)
I1218 21:24:47.274714  4382 solver.cpp:417]     Test net output #0: accuracy = 0
I1218 21:24:47.274749  4382 solver.cpp:417]     Test net output #1: loss = 2.17022 (* 0.5 = 1.08511 loss)
I1218 21:24:47.274758  4382 solver.cpp:417]     Test net output #2: loss_dif = 0.691337 (* 0.2 = 0.138267 loss)
I1218 21:24:47.316514  4382 solver.cpp:236] Iteration 1000 / 10000 (10.0572 iter/s, 9.9431s/100 iters), loss = 1.24633      [ 0:15 (H:M) ]
I1218 21:24:47.316557  4382 solver.cpp:241] Iteration 1000, loss = 1.24633
I1218 21:24:47.316570  4382 solver.cpp:257]     Train net output #0: loss = 2.18906 (* 0.5 = 1.09453 loss)
I1218 21:24:47.316577  4382 solver.cpp:257]     Train net output #1: loss_dif = 0.841557 (* 0.2 = 0.168311 loss)
I1218 21:24:47.316586  4382 sgd_solver.cpp:106] Iteration 1000, lr = 0.0001
I1218 21:24:53.086537  4382 solver.cpp:236] Iteration 1100 / 10000 (17.3318 iter/s, 5.76975s/100 iters), loss = 1.22847      [ 0:9 (H:M) ]
I1218 21:24:53.086581  4382 solver.cpp:241] Iteration 1100, loss = 1.22847
I1218 21:24:53.086602  4382 solver.cpp:257]     Train net output #0: loss = 2.02639 (* 0.5 = 1.0132 loss)
I1218 21:24:53.086611  4382 solver.cpp:257]     Train net output #1: loss_dif = 0.72251 (* 0.2 = 0.144502 loss)
I1218 21:24:53.086619  4382 sgd_solver.cpp:106] Iteration 1100, lr = 0.0001
I1218 21:24:53.159840  4486 reid_data_layer.hpp:57] Epoch done, pos_fraction : 1, neg_fraction : 1.01
I1218 21:24:58.857893  4382 solver.cpp:236] Iteration 1200 / 10000 (17.3278 iter/s, 5.77108s/100 iters), loss = 1.23627      [ 0:8 (H:M) ]
I1218 21:24:58.857935  4382 solver.cpp:241] Iteration 1200, loss = 1.23627
I1218 21:24:58.857957  4382 solver.cpp:257]     Train net output #0: loss = 2.15436 (* 0.5 = 1.07718 loss)
I1218 21:24:58.857965  4382 solver.cpp:257]     Train net output #1: loss_dif = 0.723725 (* 0.2 = 0.144745 loss)
I1218 21:24:58.857977  4382 sgd_solver.cpp:106] Iteration 1200, lr = 0.0001
I1218 21:25:04.644138  4382 solver.cpp:236] Iteration 1300 / 10000 (17.2832 iter/s, 5.78597s/100 iters), loss = 1.23058      [ 0:8 (H:M) ]
I1218 21:25:04.644181  4382 solver.cpp:241] Iteration 1300, loss = 1.23058
I1218 21:25:04.644203  4382 solver.cpp:257]     Train net output #0: loss = 2.13765 (* 0.5 = 1.06882 loss)
I1218 21:25:04.644212  4382 solver.cpp:257]     Train net output #1: loss_dif = 0.693402 (* 0.2 = 0.13868 loss)
I1218 21:25:04.644220  4382 sgd_solver.cpp:106] Iteration 1300, lr = 0.0001
